<?xml version="1.0" encoding="UTF-8" standalone="no"?><testsuite errors="7" failures="0" name="com.parasoft.parabank.serenity.tests.ScenarioBasedTest" skipped="0" tests="7" time="40.55" timestamp="2026-05-19 12:36:23"><testcase classname="com.parasoft.parabank.serenity.tests.ScenarioBasedTest" name="Test scenario3 login and transfer"><error message="Expected condition failed: waiting for LoginPage.usernameField to be displayed (tried for 5 second(s) with 100 milliseconds interval)&#10;Build info: version: '4.10.0', revision: 'c14d967899'&#10;System info: os.name: 'Windows 11', os.arch: 'amd64', os.version: '10.0', java.version: '21.0.8'&#10;Driver info: driver.version: unknown" type="org.openqa.selenium.NoSuchElementException">Expected condition failed: waiting for LoginPage.usernameField to be displayed (tried for 5 second(s) with 100 milliseconds interval)
Build info: version: '4.10.0', revision: 'c14d967899'
System info: os.name: 'Windows 11', os.arch: 'amd64', os.version: '10.0', java.version: '21.0.8'
Driver info: driver.version: unknown</error><system-err>Expected condition failed: waiting for LoginPage.usernameField to be displayed (tried for 5 second(s) with 100 milliseconds interval)
Build info: version: '4.10.0', revision: 'c14d967899'
System info: os.name: 'Windows 11', os.arch: 'amd64', os.version: '10.0', java.version: '21.0.8'
Driver info: driver.version: unknown&#13;
com.parasoft.parabank.serenity.pages.LoginPage.enterUsername(LoginPage.java:28)&#13;
com.parasoft.parabank.serenity.pages.LoginPage.login(LoginPage.java:40)&#13;
com.parasoft.parabank.serenity.steps.LoginSteps.login(LoginSteps.java:29)&#13;
com.parasoft.parabank.serenity.tests.ScenarioBasedTest.testScenario3_LoginAndTransfer(ScenarioBasedTest.java:75)&#13;
</system-err></testcase><testcase classname="com.parasoft.parabank.serenity.tests.ScenarioBasedTest" name="Test scenario1 login valid"><error message="Expected condition failed: waiting for LoginPage.usernameField to be displayed (tried for 5 second(s) with 100 milliseconds interval)&#10;Build info: version: '4.10.0', revision: 'c14d967899'&#10;System info: os.name: 'Windows 11', os.arch: 'amd64', os.version: '10.0', java.version: '21.0.8'&#10;Driver info: driver.version: unknown" type="org.openqa.selenium.NoSuchElementException">Expected condition failed: waiting for LoginPage.usernameField to be displayed (tried for 5 second(s) with 100 milliseconds interval)
Build info: version: '4.10.0', revision: 'c14d967899'
System info: os.name: 'Windows 11', os.arch: 'amd64', os.version: '10.0', java.version: '21.0.8'
Driver info: driver.version: unknown</error><system-err>Expected condition failed: waiting for LoginPage.usernameField to be displayed (tried for 5 second(s) with 100 milliseconds interval)
Build info: version: '4.10.0', revision: 'c14d967899'
System info: os.name: 'Windows 11', os.arch: 'amd64', os.version: '10.0', java.version: '21.0.8'
Driver info: driver.version: unknown&#13;
com.parasoft.parabank.serenity.pages.LoginPage.enterUsername(LoginPage.java:28)&#13;
com.parasoft.parabank.serenity.pages.LoginPage.login(LoginPage.java:40)&#13;
com.parasoft.parabank.serenity.steps.LoginSteps.login(LoginSteps.java:29)&#13;
com.parasoft.parabank.serenity.tests.ScenarioBasedTest.testScenario1_LoginValid(ScenarioBasedTest.java:48)&#13;
</system-err></testcase><testcase classname="com.parasoft.parabank.serenity.tests.ScenarioBasedTest" name="Test scenario5 login add multiple accounts logout"><error message="Expected condition failed: waiting for LoginPage.usernameField to be displayed (tried for 5 second(s) with 100 milliseconds interval)&#10;Build info: version: '4.10.0', revision: 'c14d967899'&#10;System info: os.name: 'Windows 11', os.arch: 'amd64', os.version: '10.0', java.version: '21.0.8'&#10;Driver info: driver.version: unknown" type="org.openqa.selenium.NoSuchElementException">Expected condition failed: waiting for LoginPage.usernameField to be displayed (tried for 5 second(s) with 100 milliseconds interval)
Build info: version: '4.10.0', revision: 'c14d967899'
System info: os.name: 'Windows 11', os.arch: 'amd64', os.version: '10.0', java.version: '21.0.8'
Driver info: driver.version: unknown</error><system-err>Expected condition failed: waiting for LoginPage.usernameField to be displayed (tried for 5 second(s) with 100 milliseconds interval)
Build info: version: '4.10.0', revision: 'c14d967899'
System info: os.name: 'Windows 11', os.arch: 'amd64', os.version: '10.0', java.version: '21.0.8'
Driver info: driver.version: unknown&#13;
com.parasoft.parabank.serenity.pages.LoginPage.enterUsername(LoginPage.java:28)&#13;
com.parasoft.parabank.serenity.pages.LoginPage.login(LoginPage.java:40)&#13;
com.parasoft.parabank.serenity.steps.LoginSteps.login(LoginSteps.java:29)&#13;
com.parasoft.parabank.serenity.tests.ScenarioBasedTest.testScenario5_LoginAddMultipleAccountsLogout(ScenarioBasedTest.java:114)&#13;
</system-err></testcase><testcase classname="com.parasoft.parabank.serenity.tests.ScenarioBasedTest" name="Test scenario6 login multiple transfers logout"><error message="Expected condition failed: waiting for LoginPage.usernameField to be displayed (tried for 5 second(s) with 100 milliseconds interval)&#10;Build info: version: '4.10.0', revision: 'c14d967899'&#10;System info: os.name: 'Windows 11', os.arch: 'amd64', os.version: '10.0', java.version: '21.0.8'&#10;Driver info: driver.version: unknown" type="org.openqa.selenium.NoSuchElementException">Expected condition failed: waiting for LoginPage.usernameField to be displayed (tried for 5 second(s) with 100 milliseconds interval)
Build info: version: '4.10.0', revision: 'c14d967899'
System info: os.name: 'Windows 11', os.arch: 'amd64', os.version: '10.0', java.version: '21.0.8'
Driver info: driver.version: unknown</error><system-err>Expected condition failed: waiting for LoginPage.usernameField to be displayed (tried for 5 second(s) with 100 milliseconds interval)
Build info: version: '4.10.0', revision: 'c14d967899'
System info: os.name: 'Windows 11', os.arch: 'amd64', os.version: '10.0', java.version: '21.0.8'
Driver info: driver.version: unknown&#13;
com.parasoft.parabank.serenity.pages.LoginPage.enterUsername(LoginPage.java:28)&#13;
com.parasoft.parabank.serenity.pages.LoginPage.login(LoginPage.java:40)&#13;
com.parasoft.parabank.serenity.steps.LoginSteps.login(LoginSteps.java:29)&#13;
com.parasoft.parabank.serenity.tests.ScenarioBasedTest.testScenario6_LoginMultipleTransfersLogout(ScenarioBasedTest.java:137)&#13;
</system-err></testcase><testcase classname="com.parasoft.parabank.serenity.tests.ScenarioBasedTest" name="Test scenario4 complete workflow"><error message="Expected condition failed: waiting for LoginPage.usernameField to be displayed (tried for 5 second(s) with 100 milliseconds interval)&#10;Build info: version: '4.10.0', revision: 'c14d967899'&#10;System info: os.name: 'Windows 11', os.arch: 'amd64', os.version: '10.0', java.version: '21.0.8'&#10;Driver info: driver.version: unknown" type="org.openqa.selenium.NoSuchElementException">Expected condition failed: waiting for LoginPage.usernameField to be displayed (tried for 5 second(s) with 100 milliseconds interval)
Build info: version: '4.10.0', revision: 'c14d967899'
System info: os.name: 'Windows 11', os.arch: 'amd64', os.version: '10.0', java.version: '21.0.8'
Driver info: driver.version: unknown</error><system-err>Expected condition failed: waiting for LoginPage.usernameField to be displayed (tried for 5 second(s) with 100 milliseconds interval)
Build info: version: '4.10.0', revision: 'c14d967899'
System info: os.name: 'Windows 11', os.arch: 'amd64', os.version: '10.0', java.version: '21.0.8'
Driver info: driver.version: unknown&#13;
com.parasoft.parabank.serenity.pages.LoginPage.enterUsername(LoginPage.java:28)&#13;
com.parasoft.parabank.serenity.pages.LoginPage.login(LoginPage.java:40)&#13;
com.parasoft.parabank.serenity.steps.LoginSteps.login(LoginSteps.java:29)&#13;
com.parasoft.parabank.serenity.tests.ScenarioBasedTest.testScenario4_CompleteWorkflow(ScenarioBasedTest.java:92)&#13;
</system-err></testcase><testcase classname="com.parasoft.parabank.serenity.tests.ScenarioBasedTest" name="Test scenario2 login and add account"><error message="Expected condition failed: waiting for LoginPage.usernameField to be displayed (tried for 5 second(s) with 100 milliseconds interval)&#10;Build info: version: '4.10.0', revision: 'c14d967899'&#10;System info: os.name: 'Windows 11', os.arch: 'amd64', os.version: '10.0', java.version: '21.0.8'&#10;Driver info: driver.version: unknown" type="org.openqa.selenium.NoSuchElementException">Expected condition failed: waiting for LoginPage.usernameField to be displayed (tried for 5 second(s) with 100 milliseconds interval)
Build info: version: '4.10.0', revision: 'c14d967899'
System info: os.name: 'Windows 11', os.arch: 'amd64', os.version: '10.0', java.version: '21.0.8'
Driver info: driver.version: unknown</error><system-err>Expected condition failed: waiting for LoginPage.usernameField to be displayed (tried for 5 second(s) with 100 milliseconds interval)
Build info: version: '4.10.0', revision: 'c14d967899'
System info: os.name: 'Windows 11', os.arch: 'amd64', os.version: '10.0', java.version: '21.0.8'
Driver info: driver.version: unknown&#13;
com.parasoft.parabank.serenity.pages.LoginPage.enterUsername(LoginPage.java:28)&#13;
com.parasoft.parabank.serenity.pages.LoginPage.login(LoginPage.java:40)&#13;
com.parasoft.parabank.serenity.steps.LoginSteps.login(LoginSteps.java:29)&#13;
com.parasoft.parabank.serenity.tests.ScenarioBasedTest.testScenario2_LoginAndAddAccount(ScenarioBasedTest.java:60)&#13;
</system-err></testcase><testcase classname="com.parasoft.parabank.serenity.tests.ScenarioBasedTest" name="Test scenario7 complex workflow"><error message="Expected condition failed: waiting for LoginPage.usernameField to be displayed (tried for 5 second(s) with 100 milliseconds interval)&#10;Build info: version: '4.10.0', revision: 'c14d967899'&#10;System info: os.name: 'Windows 11', os.arch: 'amd64', os.version: '10.0', java.version: '21.0.8'&#10;Driver info: driver.version: unknown" type="org.openqa.selenium.NoSuchElementException">Expected condition failed: waiting for LoginPage.usernameField to be displayed (tried for 5 second(s) with 100 milliseconds interval)
Build info: version: '4.10.0', revision: 'c14d967899'
System info: os.name: 'Windows 11', os.arch: 'amd64', os.version: '10.0', java.version: '21.0.8'
Driver info: driver.version: unknown</error><system-err>Expected condition failed: waiting for LoginPage.usernameField to be displayed (tried for 5 second(s) with 100 milliseconds interval)
Build info: version: '4.10.0', revision: 'c14d967899'
System info: os.name: 'Windows 11', os.arch: 'amd64', os.version: '10.0', java.version: '21.0.8'
Driver info: driver.version: unknown&#13;
com.parasoft.parabank.serenity.pages.LoginPage.enterUsername(LoginPage.java:28)&#13;
com.parasoft.parabank.serenity.pages.LoginPage.login(LoginPage.java:40)&#13;
com.parasoft.parabank.serenity.steps.LoginSteps.login(LoginSteps.java:29)&#13;
com.parasoft.parabank.serenity.tests.ScenarioBasedTest.testScenario7_ComplexWorkflow(ScenarioBasedTest.java:162)&#13;
</system-err></testcase></testsuite>