-------------------------------------------------------------------------------
Test set: com.parasoft.parabank.serenity.tests.ScenarioBasedTest
-------------------------------------------------------------------------------
Tests run: 7, Failures: 0, Errors: 7, Skipped: 0, Time elapsed: 40.54 s <<< FAILURE! -- in com.parasoft.parabank.serenity.tests.ScenarioBasedTest
com.parasoft.parabank.serenity.tests.ScenarioBasedTest.testScenario3_LoginAndTransfer -- Time elapsed: 5.976 s <<< ERROR!
org.openqa.selenium.TimeoutException: 
Expected condition failed: waiting for LoginPage.usernameField to be displayed (tried for 5 second(s) with 100 milliseconds interval)
Build info: version: '4.10.0', revision: 'c14d967899'
System info: os.name: 'Windows 11', os.arch: 'amd64', os.version: '10.0', java.version: '21.0.8'
Driver info: driver.version: unknown
Build info: version: '4.10.0', revision: 'c14d967899'
System info: os.name: 'Windows 11', os.arch: 'amd64', os.version: '10.0', java.version: '21.0.8'
Driver info: driver.version: unknown
	at com.parasoft.parabank.serenity.pages.LoginPage.enterUsername(LoginPage.java:28)
	at com.parasoft.parabank.serenity.pages.LoginPage.login(LoginPage.java:40)
	at com.parasoft.parabank.serenity.steps.LoginSteps.login(LoginSteps.java:29)
	at com.parasoft.parabank.serenity.tests.ScenarioBasedTest.testScenario3_LoginAndTransfer(ScenarioBasedTest.java:75)

com.parasoft.parabank.serenity.tests.ScenarioBasedTest.testScenario1_LoginValid -- Time elapsed: 5.779 s <<< ERROR!
org.openqa.selenium.TimeoutException: 
Expected condition failed: waiting for LoginPage.usernameField to be displayed (tried for 5 second(s) with 100 milliseconds interval)
Build info: version: '4.10.0', revision: 'c14d967899'
System info: os.name: 'Windows 11', os.arch: 'amd64', os.version: '10.0', java.version: '21.0.8'
Driver info: driver.version: unknown
Build info: version: '4.10.0', revision: 'c14d967899'
System info: os.name: 'Windows 11', os.arch: 'amd64', os.version: '10.0', java.version: '21.0.8'
Driver info: driver.version: unknown
	at com.parasoft.parabank.serenity.pages.LoginPage.enterUsername(LoginPage.java:28)
	at com.parasoft.parabank.serenity.pages.LoginPage.login(LoginPage.java:40)
	at com.parasoft.parabank.serenity.steps.LoginSteps.login(LoginSteps.java:29)
	at com.parasoft.parabank.serenity.tests.ScenarioBasedTest.testScenario1_LoginValid(ScenarioBasedTest.java:48)

com.parasoft.parabank.serenity.tests.ScenarioBasedTest.testScenario5_LoginAddMultipleAccountsLogout -- Time elapsed: 5.762 s <<< ERROR!
org.openqa.selenium.TimeoutException: 
Expected condition failed: waiting for LoginPage.usernameField to be displayed (tried for 5 second(s) with 100 milliseconds interval)
Build info: version: '4.10.0', revision: 'c14d967899'
System info: os.name: 'Windows 11', os.arch: 'amd64', os.version: '10.0', java.version: '21.0.8'
Driver info: driver.version: unknown
Build info: version: '4.10.0', revision: 'c14d967899'
System info: os.name: 'Windows 11', os.arch: 'amd64', os.version: '10.0', java.version: '21.0.8'
Driver info: driver.version: unknown
	at com.parasoft.parabank.serenity.pages.LoginPage.enterUsername(LoginPage.java:28)
	at com.parasoft.parabank.serenity.pages.LoginPage.login(LoginPage.java:40)
	at com.parasoft.parabank.serenity.steps.LoginSteps.login(LoginSteps.java:29)
	at com.parasoft.parabank.serenity.tests.ScenarioBasedTest.testScenario5_LoginAddMultipleAccountsLogout(ScenarioBasedTest.java:114)

com.parasoft.parabank.serenity.tests.ScenarioBasedTest.testScenario6_LoginMultipleTransfersLogout -- Time elapsed: 5.771 s <<< ERROR!
org.openqa.selenium.TimeoutException: 
Expected condition failed: waiting for LoginPage.usernameField to be displayed (tried for 5 second(s) with 100 milliseconds interval)
Build info: version: '4.10.0', revision: 'c14d967899'
System info: os.name: 'Windows 11', os.arch: 'amd64', os.version: '10.0', java.version: '21.0.8'
Driver info: driver.version: unknown
Build info: version: '4.10.0', revision: 'c14d967899'
System info: os.name: 'Windows 11', os.arch: 'amd64', os.version: '10.0', java.version: '21.0.8'
Driver info: driver.version: unknown
	at com.parasoft.parabank.serenity.pages.LoginPage.enterUsername(LoginPage.java:28)
	at com.parasoft.parabank.serenity.pages.LoginPage.login(LoginPage.java:40)
	at com.parasoft.parabank.serenity.steps.LoginSteps.login(LoginSteps.java:29)
	at com.parasoft.parabank.serenity.tests.ScenarioBasedTest.testScenario6_LoginMultipleTransfersLogout(ScenarioBasedTest.java:137)

com.parasoft.parabank.serenity.tests.ScenarioBasedTest.testScenario4_CompleteWorkflow -- Time elapsed: 5.671 s <<< ERROR!
org.openqa.selenium.TimeoutException: 
Expected condition failed: waiting for LoginPage.usernameField to be displayed (tried for 5 second(s) with 100 milliseconds interval)
Build info: version: '4.10.0', revision: 'c14d967899'
System info: os.name: 'Windows 11', os.arch: 'amd64', os.version: '10.0', java.version: '21.0.8'
Driver info: driver.version: unknown
Build info: version: '4.10.0', revision: 'c14d967899'
System info: os.name: 'Windows 11', os.arch: 'amd64', os.version: '10.0', java.version: '21.0.8'
Driver info: driver.version: unknown
	at com.parasoft.parabank.serenity.pages.LoginPage.enterUsername(LoginPage.java:28)
	at com.parasoft.parabank.serenity.pages.LoginPage.login(LoginPage.java:40)
	at com.parasoft.parabank.serenity.steps.LoginSteps.login(LoginSteps.java:29)
	at com.parasoft.parabank.serenity.tests.ScenarioBasedTest.testScenario4_CompleteWorkflow(ScenarioBasedTest.java:92)

com.parasoft.parabank.serenity.tests.ScenarioBasedTest.testScenario2_LoginAndAddAccount -- Time elapsed: 5.762 s <<< ERROR!
org.openqa.selenium.TimeoutException: 
Expected condition failed: waiting for LoginPage.usernameField to be displayed (tried for 5 second(s) with 100 milliseconds interval)
Build info: version: '4.10.0', revision: 'c14d967899'
System info: os.name: 'Windows 11', os.arch: 'amd64', os.version: '10.0', java.version: '21.0.8'
Driver info: driver.version: unknown
Build info: version: '4.10.0', revision: 'c14d967899'
System info: os.name: 'Windows 11', os.arch: 'amd64', os.version: '10.0', java.version: '21.0.8'
Driver info: driver.version: unknown
	at com.parasoft.parabank.serenity.pages.LoginPage.enterUsername(LoginPage.java:28)
	at com.parasoft.parabank.serenity.pages.LoginPage.login(LoginPage.java:40)
	at com.parasoft.parabank.serenity.steps.LoginSteps.login(LoginSteps.java:29)
	at com.parasoft.parabank.serenity.tests.ScenarioBasedTest.testScenario2_LoginAndAddAccount(ScenarioBasedTest.java:60)

com.parasoft.parabank.serenity.tests.ScenarioBasedTest.testScenario7_ComplexWorkflow -- Time elapsed: 5.755 s <<< ERROR!
org.openqa.selenium.TimeoutException: 
Expected condition failed: waiting for LoginPage.usernameField to be displayed (tried for 5 second(s) with 100 milliseconds interval)
Build info: version: '4.10.0', revision: 'c14d967899'
System info: os.name: 'Windows 11', os.arch: 'amd64', os.version: '10.0', java.version: '21.0.8'
Driver info: driver.version: unknown
Build info: version: '4.10.0', revision: 'c14d967899'
System info: os.name: 'Windows 11', os.arch: 'amd64', os.version: '10.0', java.version: '21.0.8'
Driver info: driver.version: unknown
	at com.parasoft.parabank.serenity.pages.LoginPage.enterUsername(LoginPage.java:28)
	at com.parasoft.parabank.serenity.pages.LoginPage.login(LoginPage.java:40)
	at com.parasoft.parabank.serenity.steps.LoginSteps.login(LoginSteps.java:29)
	at com.parasoft.parabank.serenity.tests.ScenarioBasedTest.testScenario7_ComplexWorkflow(ScenarioBasedTest.java:162)

