-------------------------------------------------------------------------------
Test set: com.parasoft.parabank.web.controller.RequestLoanControllerTest
-------------------------------------------------------------------------------
Tests run: 3, Failures: 0, Errors: 1, Skipped: 0, Time elapsed: 1.269 s <<< FAILURE! -- in com.parasoft.parabank.web.controller.RequestLoanControllerTest
com.parasoft.parabank.web.controller.RequestLoanControllerTest.testOnSubmit -- Time elapsed: 0.963 s <<< ERROR!
java.lang.RuntimeException: org.springframework.beans.factory.BeanCreationException: Error creating bean with name 'org.apache.activemq.xbean.XBeanBrokerService#0' defined in file [D:\VVSS lab 5\parabank\target\classes\applicationContext-jms.xml]: Failed to bind to server socket: tcp://0.0.0.0:61616?transport.daemon=true due to: java.net.BindException: Address already in use: bind
	at org.apache.cxf.bus.spring.SpringBusFactory.createBus(SpringBusFactory.java:151)
	at org.apache.cxf.bus.spring.SpringBusFactory.createBus(SpringBusFactory.java:122)
	at org.apache.cxf.bus.spring.SpringBusFactory.createBus(SpringBusFactory.java:94)
	at org.apache.cxf.bus.spring.SpringBusFactory.createBus(SpringBusFactory.java:83)
	at org.apache.cxf.BusFactory.getDefaultBus(BusFactory.java:107)
	at org.apache.cxf.BusFactory.createThreadBus(BusFactory.java:243)
	at org.apache.cxf.BusFactory.getThreadDefaultBus(BusFactory.java:227)
	at org.apache.cxf.jaxws.ServiceImpl.initialize(ServiceImpl.java:134)
	at org.apache.cxf.jaxws.ServiceImpl.<init>(ServiceImpl.java:128)
	at org.apache.cxf.jaxws.spi.ProviderImpl.createServiceDelegate(ProviderImpl.java:82)
	at jakarta.xml.ws.Service.<init>(Service.java:82)
	at jakarta.xml.ws.Service.create(Service.java:735)
	at com.parasoft.parabank.messaging.WebServiceLoanProvider.requestLoan(WebServiceLoanProvider.java:104)
	at com.parasoft.parabank.domain.logic.impl.ConfigurableLoanProvider.requestLoan(ConfigurableLoanProvider.java:73)
	at com.parasoft.parabank.domain.logic.impl.BankManagerImpl.requestLoan(BankManagerImpl.java:301)
	at java.base/jdk.internal.reflect.DirectMethodHandleAccessor.invoke(DirectMethodHandleAccessor.java:103)
	at java.base/java.lang.reflect.Method.invoke(Method.java:580)
	at org.springframework.aop.support.AopUtils.invokeJoinpointUsingReflection(AopUtils.java:360)
	at org.springframework.aop.framework.ReflectiveMethodInvocation.invokeJoinpoint(ReflectiveMethodInvocation.java:196)
	at org.springframework.aop.framework.ReflectiveMethodInvocation.proceed(ReflectiveMethodInvocation.java:163)
	at org.springframework.transaction.interceptor.TransactionAspectSupport.invokeWithinTransaction(TransactionAspectSupport.java:380)
	at org.springframework.transaction.interceptor.TransactionInterceptor.invoke(TransactionInterceptor.java:119)
	at org.springframework.aop.framework.ReflectiveMethodInvocation.proceed(ReflectiveMethodInvocation.java:184)
	at org.springframework.aop.interceptor.ExposeInvocationInterceptor.invoke(ExposeInvocationInterceptor.java:97)
	at org.springframework.aop.framework.ReflectiveMethodInvocation.proceed(ReflectiveMethodInvocation.java:184)
	at org.springframework.aop.framework.JdkDynamicAopProxy.invoke(JdkDynamicAopProxy.java:223)
	at jdk.proxy2/jdk.proxy2.$Proxy92.requestLoan(Unknown Source)
	at com.parasoft.parabank.web.controller.RequestLoanController.onSubmit(RequestLoanController.java:109)
	at java.base/jdk.internal.reflect.DirectMethodHandleAccessor.invoke(DirectMethodHandleAccessor.java:103)
	at java.base/java.lang.reflect.Method.invoke(Method.java:580)
	at org.springframework.web.method.support.InvocableHandlerMethod.doInvoke(InvocableHandlerMethod.java:258)
	at org.springframework.web.method.support.InvocableHandlerMethod.invokeForRequest(InvocableHandlerMethod.java:191)
	at org.springframework.web.servlet.mvc.method.annotation.ServletInvocableHandlerMethod.invokeAndHandle(ServletInvocableHandlerMethod.java:118)
	at org.springframework.web.servlet.mvc.method.annotation.RequestMappingHandlerAdapter.invokeHandlerMethod(RequestMappingHandlerAdapter.java:991)
	at org.springframework.web.servlet.mvc.method.annotation.RequestMappingHandlerAdapter.handleInternal(RequestMappingHandlerAdapter.java:886)
	at org.springframework.web.servlet.mvc.method.AbstractHandlerMethodAdapter.handle(AbstractHandlerMethodAdapter.java:87)
	at com.parasoft.parabank.test.util.AbstractParaBankDataSourceTest.processPostRequest(AbstractParaBankDataSourceTest.java:470)
	at com.parasoft.parabank.web.controller.RequestLoanControllerTest.testOnSubmit(RequestLoanControllerTest.java:68)
	at java.base/jdk.internal.reflect.DirectMethodHandleAccessor.invoke(DirectMethodHandleAccessor.java:103)
	at java.base/java.lang.reflect.Method.invoke(Method.java:580)
	at org.junit.runners.model.FrameworkMethod$1.runReflectiveCall(FrameworkMethod.java:59)
	at org.junit.internal.runners.model.ReflectiveCallable.run(ReflectiveCallable.java:12)
	at org.junit.runners.model.FrameworkMethod.invokeExplosively(FrameworkMethod.java:56)
	at org.junit.internal.runners.statements.InvokeMethod.evaluate(InvokeMethod.java:17)
	at org.springframework.test.context.junit4.statements.RunBeforeTestExecutionCallbacks.evaluate(RunBeforeTestExecutionCallbacks.java:76)
	at org.springframework.test.context.junit4.statements.RunAfterTestExecutionCallbacks.evaluate(RunAfterTestExecutionCallbacks.java:84)
	at org.junit.internal.runners.statements.RunBefores.evaluate(RunBefores.java:26)
	at org.springframework.test.context.junit4.statements.RunBeforeTestMethodCallbacks.evaluate(RunBeforeTestMethodCallbacks.java:75)
	at org.junit.internal.runners.statements.RunAfters.evaluate(RunAfters.java:27)
	at org.springframework.test.context.junit4.statements.RunAfterTestMethodCallbacks.evaluate(RunAfterTestMethodCallbacks.java:86)
	at com.github.tomakehurst.wiremock.junit.WireMockRule$1.evaluate(WireMockRule.java:67)
	at org.springframework.test.context.junit4.statements.SpringRepeat.evaluate(SpringRepeat.java:84)
	at org.junit.runners.ParentRunner.runLeaf(ParentRunner.java:366)
	at org.springframework.test.context.junit4.SpringJUnit4ClassRunner.runChild(SpringJUnit4ClassRunner.java:252)
	at org.springframework.test.context.junit4.SpringJUnit4ClassRunner.runChild(SpringJUnit4ClassRunner.java:97)
	at org.junit.runners.ParentRunner$4.run(ParentRunner.java:331)
	at org.junit.runners.ParentRunner$1.schedule(ParentRunner.java:79)
	at org.junit.runners.ParentRunner.runChildren(ParentRunner.java:329)
	at org.junit.runners.ParentRunner.access$100(ParentRunner.java:66)
	at org.junit.runners.ParentRunner$2.evaluate(ParentRunner.java:293)
	at org.junit.internal.runners.statements.RunBefores.evaluate(RunBefores.java:26)
	at org.springframework.test.context.junit4.statements.RunBeforeTestClassCallbacks.evaluate(RunBeforeTestClassCallbacks.java:61)
	at org.junit.internal.runners.statements.RunAfters.evaluate(RunAfters.java:27)
	at org.springframework.test.context.junit4.statements.RunAfterTestClassCallbacks.evaluate(RunAfterTestClassCallbacks.java:70)
	at org.junit.runners.ParentRunner$3.evaluate(ParentRunner.java:306)
	at org.junit.runners.ParentRunner.run(ParentRunner.java:413)
	at org.springframework.test.context.junit4.SpringJUnit4ClassRunner.run(SpringJUnit4ClassRunner.java:191)
	at org.apache.maven.surefire.junit4.JUnit4Provider.execute(JUnit4Provider.java:316)
	at org.apache.maven.surefire.junit4.JUnit4Provider.executeWithRerun(JUnit4Provider.java:240)
	at org.apache.maven.surefire.junit4.JUnit4Provider.executeTestSet(JUnit4Provider.java:214)
	at org.apache.maven.surefire.junit4.JUnit4Provider.invoke(JUnit4Provider.java:155)
	at org.apache.maven.surefire.booter.ForkedBooter.runSuitesInProcess(ForkedBooter.java:385)
	at org.apache.maven.surefire.booter.ForkedBooter.execute(ForkedBooter.java:162)
	at org.apache.maven.surefire.booter.ForkedBooter.run(ForkedBooter.java:507)
	at org.apache.maven.surefire.booter.ForkedBooter.main(ForkedBooter.java:495)
Caused by: org.springframework.beans.factory.BeanCreationException: Error creating bean with name 'org.apache.activemq.xbean.XBeanBrokerService#0' defined in file [D:\VVSS lab 5\parabank\target\classes\applicationContext-jms.xml]: Failed to bind to server socket: tcp://0.0.0.0:61616?transport.daemon=true due to: java.net.BindException: Address already in use: bind
	at org.springframework.beans.factory.support.AbstractAutowireCapableBeanFactory.initializeBean(AbstractAutowireCapableBeanFactory.java:1826)
	at org.springframework.beans.factory.support.AbstractAutowireCapableBeanFactory.doCreateBean(AbstractAutowireCapableBeanFactory.java:607)
	at org.springframework.beans.factory.support.AbstractAutowireCapableBeanFactory.createBean(AbstractAutowireCapableBeanFactory.java:529)
	at org.springframework.beans.factory.support.AbstractBeanFactory.lambda$doGetBean$0(AbstractBeanFactory.java:339)
	at org.springframework.beans.factory.support.DefaultSingletonBeanRegistry.getSingleton(DefaultSingletonBeanRegistry.java:373)
	at org.springframework.beans.factory.support.AbstractBeanFactory.doGetBean(AbstractBeanFactory.java:337)
	at org.springframework.beans.factory.support.AbstractBeanFactory.getBean(AbstractBeanFactory.java:202)
	at org.springframework.beans.factory.support.DefaultListableBeanFactory.instantiateSingleton(DefaultListableBeanFactory.java:1228)
	at org.springframework.beans.factory.support.DefaultListableBeanFactory.preInstantiateSingleton(DefaultListableBeanFactory.java:1194)
	at org.springframework.beans.factory.support.DefaultListableBeanFactory.preInstantiateSingletons(DefaultListableBeanFactory.java:1130)
	at org.springframework.context.support.AbstractApplicationContext.finishBeanFactoryInitialization(AbstractApplicationContext.java:991)
	at org.springframework.context.support.AbstractApplicationContext.refresh(AbstractApplicationContext.java:628)
	at org.apache.cxf.bus.spring.BusApplicationContext$1.run(BusApplicationContext.java:107)
	at org.apache.cxf.bus.spring.BusApplicationContext$1.run(BusApplicationContext.java:105)
	at java.base/java.security.AccessController.doPrivileged(AccessController.java:571)
	at org.apache.cxf.bus.spring.BusApplicationContext.<init>(BusApplicationContext.java:105)
	at org.apache.cxf.bus.spring.SpringBusFactory.createApplicationContext(SpringBusFactory.java:157)
	at org.apache.cxf.bus.spring.SpringBusFactory.createBus(SpringBusFactory.java:148)
	... 74 more
Caused by: java.io.IOException: Failed to bind to server socket: tcp://0.0.0.0:61616?transport.daemon=true due to: java.net.BindException: Address already in use: bind
	at org.apache.activemq.util.IOExceptionSupport.create(IOExceptionSupport.java:36)
	at org.apache.activemq.transport.tcp.TcpTransportServer.bind(TcpTransportServer.java:148)
	at org.apache.activemq.transport.tcp.TcpTransportFactory.doBind(TcpTransportFactory.java:62)
	at org.apache.activemq.transport.TransportFactorySupport.bind(TransportFactorySupport.java:40)
	at org.apache.activemq.broker.TransportConnector.createTransportServer(TransportConnector.java:351)
	at org.apache.activemq.broker.TransportConnector.getServer(TransportConnector.java:150)
	at org.apache.activemq.broker.TransportConnector.start(TransportConnector.java:226)
	at org.apache.activemq.broker.BrokerService.startTransportConnector(BrokerService.java:2759)
	at org.apache.activemq.broker.BrokerService.startAllConnectors(BrokerService.java:2643)
	at org.apache.activemq.broker.BrokerService.doStartBroker(BrokerService.java:770)
	at org.apache.activemq.broker.BrokerService.startBroker(BrokerService.java:732)
	at org.apache.activemq.broker.BrokerService.start(BrokerService.java:630)
	at org.apache.activemq.xbean.XBeanBrokerService.afterPropertiesSet(XBeanBrokerService.java:73)
	at java.base/jdk.internal.reflect.DirectMethodHandleAccessor.invoke(DirectMethodHandleAccessor.java:103)
	at java.base/java.lang.reflect.Method.invoke(Method.java:580)
	at org.springframework.beans.factory.support.AbstractAutowireCapableBeanFactory.invokeCustomInitMethod(AbstractAutowireCapableBeanFactory.java:1930)
	at org.springframework.beans.factory.support.AbstractAutowireCapableBeanFactory.invokeInitMethods(AbstractAutowireCapableBeanFactory.java:1883)
	at org.springframework.beans.factory.support.AbstractAutowireCapableBeanFactory.initializeBean(AbstractAutowireCapableBeanFactory.java:1822)
	... 91 more
Caused by: java.net.BindException: Address already in use: bind
	at java.base/sun.nio.ch.Net.bind0(Native Method)
	at java.base/sun.nio.ch.Net.bind(Net.java:565)
	at java.base/sun.nio.ch.Net.bind(Net.java:554)
	at java.base/sun.nio.ch.NioSocketImpl.bind(NioSocketImpl.java:636)
	at java.base/java.net.ServerSocket.bind(ServerSocket.java:391)
	at java.base/java.net.ServerSocket.<init>(ServerSocket.java:278)
	at java.base/javax.net.DefaultServerSocketFactory.createServerSocket(ServerSocketFactory.java:231)
	at org.apache.activemq.transport.tcp.TcpTransportServer.bind(TcpTransportServer.java:145)
	... 107 more

