<?xml version="1.0" encoding="UTF-8"?>
<testsuite xmlns:xsi="http://www.w3.org/2001/XMLSchema-instance" xsi:noNamespaceSchemaLocation="https://maven.apache.org/surefire/maven-surefire-plugin/xsd/surefire-test-report.xsd" version="3.0.2" name="com.parasoft.parabank.dao.test.InMemoryAccountDaoTest" time="0.001" tests="3" errors="0" skipped="0" failures="0" flakes="0">
  <properties>
[...]
</properties>
  <testcase name="testCreateAccount" classname="com.parasoft.parabank.dao.test.InMemoryAccountDaoTest" time="0.0"/>
  <testcase name="testGetAccount" classname="com.parasoft.parabank.dao.test.InMemoryAccountDaoTest" time="0.0"/>
  <testcase name="testUpdateAccount" classname="com.parasoft.parabank.dao.test.InMemoryAccountDaoTest" time="0.0"/>
</testsuite>