<?xml version="1.0" encoding="UTF-8"?>
<testsuite xmlns:xsi="http://www.w3.org/2001/XMLSchema-instance" xsi:noNamespaceSchemaLocation="https://maven.apache.org/surefire/maven-surefire-plugin/xsd/surefire-test-report.xsd" version="3.0.2" name="com.parasoft.parabank.service.ParaBankServiceImplTest" time="2.373" tests="14" errors="1" skipped="0" failures="0" flakes="0">
  <properties>
[...]
</properties>
  <testcase name="testGetPosition" classname="com.parasoft.parabank.service.ParaBankServiceImplTest" time="0.125">
    <system-out><![CDATA[12:42:09.392 [main] INFO  org.eclipse.jetty.server.Server - jetty-11.0.26; built: 2025-08-14T18:03:14.457Z; git: 7559873b6e46eea7c2c6da2b58327ea2ecf941f4; jvm 21.0.8+12-LTS-250
12:42:09.394 [main] INFO  org.eclipse.jetty.server.handler.ContextHandler - Started o.e.j.s.ServletContextHandler@329970b5{/__admin,null,AVAILABLE}
12:42:09.394 [main] INFO  org.eclipse.jetty.server.handler.ContextHandler.ROOT - RequestHandlerClass from context returned com.github.tomakehurst.wiremock.http.StubRequestHandler. Normalized mapped under returned 'null'
12:42:09.394 [main] INFO  org.eclipse.jetty.server.handler.ContextHandler - Started o.e.j.s.ServletContextHandler@674916ae{/,null,AVAILABLE}
12:42:09.397 [main] INFO  org.eclipse.jetty.server.AbstractConnector - Started NetworkTrafficServerConnector@64297f96{HTTP/1.1, (http/1.1, h2c)}{0.0.0.0:19089}
12:42:09.397 [main] INFO  org.eclipse.jetty.server.Server - Started Server@56749377{STARTING}[11.0.26,sto=1000] @31316ms
12:42:09.504 [qtp551153448-730] INFO  org.eclipse.jetty.server.handler.ContextHandler.__admin - RequestHandlerClass from context returned com.github.tomakehurst.wiremock.http.AdminRequestHandler. Normalized mapped under returned 'null'
12:42:09.506 [main] INFO  com.parasoft.parabank.test.util.AbstractParaBankDataSourceTest - loaded requestLoan mock for wsdl
12:42:09.507 [main] INFO  com.parasoft.parabank.test.util.AbstractParaBankDataSourceTest - loaded requestLoan mock for 10.00
12:42:09.508 [main] INFO  com.parasoft.parabank.test.util.AbstractParaBankDataSourceTest - loaded requestLoan mock for 100.00
12:42:09.509 [main] INFO  com.parasoft.parabank.test.util.AbstractParaBankDataSourceTest - loaded requestLoan mock for 1000.00
12:42:09.511 [main] INFO  com.parasoft.parabank.test.util.AbstractParaBankDataSourceTest - loaded requestLoan mock for 10000.00
12:42:09.515 [main] INFO  com.parasoft.parabank.dao.jdbc.JdbcPositionDao - Getting position object for position id = 12345
12:42:09.516 [main] INFO  com.parasoft.parabank.dao.jdbc.JdbcPositionDao - Getting position object for position id = -1
12:42:09.517 [main] ERROR com.parasoft.parabank.service.ParaBankServiceImpl - DataAccessException caught :
org.springframework.dao.EmptyResultDataAccessException: Incorrect result size: expected 1, actual 0
	at org.springframework.dao.support.DataAccessUtils.nullableSingleResult(DataAccessUtils.java:194)
	at org.springframework.jdbc.core.JdbcTemplate.queryForObject(JdbcTemplate.java:897)
	at com.parasoft.parabank.dao.jdbc.JdbcPositionDao.getPosition(JdbcPositionDao.java:104)
	at com.parasoft.parabank.domain.logic.impl.BankManagerImpl.getPosition(BankManagerImpl.java:217)
	at java.base/jdk.internal.reflect.DirectMethodHandleAccessor.invoke(DirectMethodHandleAccessor.java:103)
	at java.base/java.lang.reflect.Method.invoke(Method.java:580)
	at org.springframework.aop.support.AopUtils.invokeJoinpointUsingReflection(AopUtils.java:360)
	at org.springframework.aop.framework.ReflectiveMethodInvocation.invokeJoinpoint(ReflectiveMethodInvocation.java:196)
	at org.springframework.aop.framework.ReflectiveMethodInvocation.proceed(ReflectiveMethodInvocation.java:163)
	at org.springframework.transaction.interceptor.TransactionAspectSupport.invokeWithinTransaction(TransactionAspectSupport.java:380)
	at org.springframework.transaction.interceptor.TransactionInterceptor.invoke(TransactionInterceptor.java:119)
	at org.springframework.aop.framework.ReflectiveMethodInvocation.proceed(ReflectiveMethodInvocation.java:184)
	at org.springframework.aop.interceptor.ExposeInvocationInterceptor.invoke(ExposeInvocationInterceptor.java:97)
	at org.springframework.aop.framework.ReflectiveMethodInvocation.proceed(ReflectiveMethodInvocation.java:184)
	at org.springframework.aop.framework.JdkDynamicAopProxy.invoke(JdkDynamicAopProxy.java:223)
	at jdk.proxy2/jdk.proxy2.$Proxy92.getPosition(Unknown Source)
	at com.parasoft.parabank.service.ParaBankServiceImpl.getPosition(ParaBankServiceImpl.java:184)
	at com.parasoft.parabank.service.ParaBankServiceImplTest.testGetPosition(ParaBankServiceImplTest.java:214)
	at java.base/jdk.internal.reflect.DirectMethodHandleAccessor.invoke(DirectMethodHandleAccessor.java:103)
	at java.base/java.lang.reflect.Method.invoke(Method.java:580)
	at org.junit.runners.model.FrameworkMethod$1.runReflectiveCall(FrameworkMethod.java:59)
	at org.junit.internal.runners.model.ReflectiveCallable.run(ReflectiveCallable.java:12)
	at org.junit.runners.model.FrameworkMethod.invokeExplosively(FrameworkMethod.java:56)
	at org.junit.internal.runners.statements.InvokeMethod.evaluate(InvokeMethod.java:17)
	at org.springframework.test.context.junit4.statements.RunBeforeTestExecutionCallbacks.evaluate(RunBeforeTestExecutionCallbacks.java:76)
	at org.springframework.test.context.junit4.statements.RunAfterTestExecutionCallbacks.evaluate(RunAfterTestExecutionCallbacks.java:84)
	at org.junit.internal.runners.statements.RunBefores.evaluate(RunBefores.java:26)
	at org.springframework.test.context.junit4.statements.RunBeforeTestMethodCallbacks.evaluate(RunBeforeTestMethodCallbacks.java:75)
	at org.junit.internal.runners.statements.RunAfters.evaluate(RunAfters.java:27)
	at org.springframework.test.context.junit4.statements.RunAfterTestMethodCallbacks.evaluate(RunAfterTestMethodCallbacks.java:86)
	at com.github.tomakehurst.wiremock.junit.WireMockRule$1.evaluate(WireMockRule.java:67)
	at org.springframework.test.context.junit4.statements.SpringRepeat.evaluate(SpringRepeat.java:84)
	at org.junit.runners.ParentRunner.runLeaf(ParentRunner.java:366)
	at org.springframework.test.context.junit4.SpringJUnit4ClassRunner.runChild(SpringJUnit4ClassRunner.java:252)
	at org.springframework.test.context.junit4.SpringJUnit4ClassRunner.runChild(SpringJUnit4ClassRunner.java:97)
	at org.junit.runners.ParentRunner$4.run(ParentRunner.java:331)
	at org.junit.runners.ParentRunner$1.schedule(ParentRunner.java:79)
	at org.junit.runners.ParentRunner.runChildren(ParentRunner.java:329)
	at org.junit.runners.ParentRunner.access$100(ParentRunner.java:66)
	at org.junit.runners.ParentRunner$2.evaluate(ParentRunner.java:293)
	at org.junit.internal.runners.statements.RunBefores.evaluate(RunBefores.java:26)
	at org.springframework.test.context.junit4.statements.RunBeforeTestClassCallbacks.evaluate(RunBeforeTestClassCallbacks.java:61)
	at org.junit.internal.runners.statements.RunAfters.evaluate(RunAfters.java:27)
	at org.springframework.test.context.junit4.statements.RunAfterTestClassCallbacks.evaluate(RunAfterTestClassCallbacks.java:70)
	at org.junit.runners.ParentRunner$3.evaluate(ParentRunner.java:306)
	at org.junit.runners.ParentRunner.run(ParentRunner.java:413)
	at org.springframework.test.context.junit4.SpringJUnit4ClassRunner.run(SpringJUnit4ClassRunner.java:191)
	at org.apache.maven.surefire.junit4.JUnit4Provider.execute(JUnit4Provider.java:316)
	at org.apache.maven.surefire.junit4.JUnit4Provider.executeWithRerun(JUnit4Provider.java:240)
	at org.apache.maven.surefire.junit4.JUnit4Provider.executeTestSet(JUnit4Provider.java:214)
	at org.apache.maven.surefire.junit4.JUnit4Provider.invoke(JUnit4Provider.java:155)
	at org.apache.maven.surefire.booter.ForkedBooter.runSuitesInProcess(ForkedBooter.java:385)
	at org.apache.maven.surefire.booter.ForkedBooter.execute(ForkedBooter.java:162)
	at org.apache.maven.surefire.booter.ForkedBooter.run(ForkedBooter.java:507)
	at org.apache.maven.surefire.booter.ForkedBooter.main(ForkedBooter.java:495)
12:42:09.519 [main] INFO  org.eclipse.jetty.server.Server - Stopped Server@56749377{STOPPING}[11.0.26,sto=1000]
12:42:09.519 [main] INFO  org.eclipse.jetty.server.Server - Shutdown Server@56749377{STOPPING}[11.0.26,sto=1000]
12:42:09.519 [main] INFO  org.eclipse.jetty.server.AbstractConnector - Stopped NetworkTrafficServerConnector@64297f96{HTTP/1.1, (http/1.1, h2c)}{0.0.0.0:19089}
12:42:09.520 [main] INFO  org.eclipse.jetty.server.handler.ContextHandler - Stopped o.e.j.s.ServletContextHandler@674916ae{/,null,STOPPED}
12:42:09.520 [main] INFO  org.eclipse.jetty.server.handler.ContextHandler - Stopped o.e.j.s.ServletContextHandler@329970b5{/__admin,null,STOPPED}
]]></system-out>
  </testcase>
  <testcase name="testGetPositions" classname="com.parasoft.parabank.service.ParaBankServiceImplTest" time="0.129">
    <system-out><![CDATA[12:42:09.524 [main] INFO  org.eclipse.jetty.server.Server - jetty-11.0.26; built: 2025-08-14T18:03:14.457Z; git: 7559873b6e46eea7c2c6da2b58327ea2ecf941f4; jvm 21.0.8+12-LTS-250
12:42:09.526 [main] INFO  org.eclipse.jetty.server.handler.ContextHandler - Started o.e.j.s.ServletContextHandler@235b4c49{/__admin,null,AVAILABLE}
12:42:09.526 [main] INFO  org.eclipse.jetty.server.handler.ContextHandler.ROOT - RequestHandlerClass from context returned com.github.tomakehurst.wiremock.http.StubRequestHandler. Normalized mapped under returned 'null'
12:42:09.526 [main] INFO  org.eclipse.jetty.server.handler.ContextHandler - Started o.e.j.s.ServletContextHandler@149ad42f{/,null,AVAILABLE}
12:42:09.529 [main] INFO  org.eclipse.jetty.server.AbstractConnector - Started NetworkTrafficServerConnector@60175602{HTTP/1.1, (http/1.1, h2c)}{0.0.0.0:19089}
12:42:09.529 [main] INFO  org.eclipse.jetty.server.Server - Started Server@29b489a9{STARTING}[11.0.26,sto=1000] @31447ms
12:42:09.638 [qtp961463164-740] INFO  org.eclipse.jetty.server.handler.ContextHandler.__admin - RequestHandlerClass from context returned com.github.tomakehurst.wiremock.http.AdminRequestHandler. Normalized mapped under returned 'null'
12:42:09.640 [main] INFO  com.parasoft.parabank.test.util.AbstractParaBankDataSourceTest - loaded requestLoan mock for wsdl
12:42:09.642 [main] INFO  com.parasoft.parabank.test.util.AbstractParaBankDataSourceTest - loaded requestLoan mock for 10.00
12:42:09.643 [main] INFO  com.parasoft.parabank.test.util.AbstractParaBankDataSourceTest - loaded requestLoan mock for 100.00
12:42:09.645 [main] INFO  com.parasoft.parabank.test.util.AbstractParaBankDataSourceTest - loaded requestLoan mock for 1000.00
12:42:09.646 [main] INFO  com.parasoft.parabank.test.util.AbstractParaBankDataSourceTest - loaded requestLoan mock for 10000.00
12:42:09.647 [main] INFO  com.parasoft.parabank.dao.jdbc.JdbcCustomerDao - Getting customer object for id = 12212
12:42:09.648 [main] INFO  com.parasoft.parabank.dao.jdbc.JdbcPositionDao - Retrieved 3 positions for customer id = 12212
12:42:09.648 [main] INFO  com.parasoft.parabank.dao.jdbc.JdbcCustomerDao - Getting customer object for id = -1
12:42:09.649 [main] ERROR com.parasoft.parabank.service.ParaBankServiceImpl - DataAccessException caught :
org.springframework.dao.EmptyResultDataAccessException: Incorrect result size: expected 1, actual 0
	at org.springframework.dao.support.DataAccessUtils.nullableSingleResult(DataAccessUtils.java:194)
	at org.springframework.jdbc.core.JdbcTemplate.queryForObject(JdbcTemplate.java:897)
	at com.parasoft.parabank.dao.jdbc.JdbcCustomerDao.getCustomer(JdbcCustomerDao.java:81)
	at com.parasoft.parabank.domain.logic.impl.BankManagerImpl.getCustomer(BankManagerImpl.java:185)
	at java.base/jdk.internal.reflect.DirectMethodHandleAccessor.invoke(DirectMethodHandleAccessor.java:103)
	at java.base/java.lang.reflect.Method.invoke(Method.java:580)
	at org.springframework.aop.support.AopUtils.invokeJoinpointUsingReflection(AopUtils.java:360)
	at org.springframework.aop.framework.ReflectiveMethodInvocation.invokeJoinpoint(ReflectiveMethodInvocation.java:196)
	at org.springframework.aop.framework.ReflectiveMethodInvocation.proceed(ReflectiveMethodInvocation.java:163)
	at org.springframework.transaction.interceptor.TransactionAspectSupport.invokeWithinTransaction(TransactionAspectSupport.java:380)
	at org.springframework.transaction.interceptor.TransactionInterceptor.invoke(TransactionInterceptor.java:119)
	at org.springframework.aop.framework.ReflectiveMethodInvocation.proceed(ReflectiveMethodInvocation.java:184)
	at org.springframework.aop.interceptor.ExposeInvocationInterceptor.invoke(ExposeInvocationInterceptor.java:97)
	at org.springframework.aop.framework.ReflectiveMethodInvocation.proceed(ReflectiveMethodInvocation.java:184)
	at org.springframework.aop.framework.JdkDynamicAopProxy.invoke(JdkDynamicAopProxy.java:223)
	at jdk.proxy2/jdk.proxy2.$Proxy92.getCustomer(Unknown Source)
	at com.parasoft.parabank.service.ParaBankServiceImpl.getPositions(ParaBankServiceImpl.java:216)
	at com.parasoft.parabank.service.ParaBankServiceImplTest.testGetPositions(ParaBankServiceImplTest.java:242)
	at java.base/jdk.internal.reflect.DirectMethodHandleAccessor.invoke(DirectMethodHandleAccessor.java:103)
	at java.base/java.lang.reflect.Method.invoke(Method.java:580)
	at org.junit.runners.model.FrameworkMethod$1.runReflectiveCall(FrameworkMethod.java:59)
	at org.junit.internal.runners.model.ReflectiveCallable.run(ReflectiveCallable.java:12)
	at org.junit.runners.model.FrameworkMethod.invokeExplosively(FrameworkMethod.java:56)
	at org.junit.internal.runners.statements.InvokeMethod.evaluate(InvokeMethod.java:17)
	at org.springframework.test.context.junit4.statements.RunBeforeTestExecutionCallbacks.evaluate(RunBeforeTestExecutionCallbacks.java:76)
	at org.springframework.test.context.junit4.statements.RunAfterTestExecutionCallbacks.evaluate(RunAfterTestExecutionCallbacks.java:84)
	at org.junit.internal.runners.statements.RunBefores.evaluate(RunBefores.java:26)
	at org.springframework.test.context.junit4.statements.RunBeforeTestMethodCallbacks.evaluate(RunBeforeTestMethodCallbacks.java:75)
	at org.junit.internal.runners.statements.RunAfters.evaluate(RunAfters.java:27)
	at org.springframework.test.context.junit4.statements.RunAfterTestMethodCallbacks.evaluate(RunAfterTestMethodCallbacks.java:86)
	at com.github.tomakehurst.wiremock.junit.WireMockRule$1.evaluate(WireMockRule.java:67)
	at org.springframework.test.context.junit4.statements.SpringRepeat.evaluate(SpringRepeat.java:84)
	at org.junit.runners.ParentRunner.runLeaf(ParentRunner.java:366)
	at org.springframework.test.context.junit4.SpringJUnit4ClassRunner.runChild(SpringJUnit4ClassRunner.java:252)
	at org.springframework.test.context.junit4.SpringJUnit4ClassRunner.runChild(SpringJUnit4ClassRunner.java:97)
	at org.junit.runners.ParentRunner$4.run(ParentRunner.java:331)
	at org.junit.runners.ParentRunner$1.schedule(ParentRunner.java:79)
	at org.junit.runners.ParentRunner.runChildren(ParentRunner.java:329)
	at org.junit.runners.ParentRunner.access$100(ParentRunner.java:66)
	at org.junit.runners.ParentRunner$2.evaluate(ParentRunner.java:293)
	at org.junit.internal.runners.statements.RunBefores.evaluate(RunBefores.java:26)
	at org.springframework.test.context.junit4.statements.RunBeforeTestClassCallbacks.evaluate(RunBeforeTestClassCallbacks.java:61)
	at org.junit.internal.runners.statements.RunAfters.evaluate(RunAfters.java:27)
	at org.springframework.test.context.junit4.statements.RunAfterTestClassCallbacks.evaluate(RunAfterTestClassCallbacks.java:70)
	at org.junit.runners.ParentRunner$3.evaluate(ParentRunner.java:306)
	at org.junit.runners.ParentRunner.run(ParentRunner.java:413)
	at org.springframework.test.context.junit4.SpringJUnit4ClassRunner.run(SpringJUnit4ClassRunner.java:191)
	at org.apache.maven.surefire.junit4.JUnit4Provider.execute(JUnit4Provider.java:316)
	at org.apache.maven.surefire.junit4.JUnit4Provider.executeWithRerun(JUnit4Provider.java:240)
	at org.apache.maven.surefire.junit4.JUnit4Provider.executeTestSet(JUnit4Provider.java:214)
	at org.apache.maven.surefire.junit4.JUnit4Provider.invoke(JUnit4Provider.java:155)
	at org.apache.maven.surefire.booter.ForkedBooter.runSuitesInProcess(ForkedBooter.java:385)
	at org.apache.maven.surefire.booter.ForkedBooter.execute(ForkedBooter.java:162)
	at org.apache.maven.surefire.booter.ForkedBooter.run(ForkedBooter.java:507)
	at org.apache.maven.surefire.booter.ForkedBooter.main(ForkedBooter.java:495)
12:42:09.650 [main] INFO  org.eclipse.jetty.server.Server - Stopped Server@29b489a9{STOPPING}[11.0.26,sto=1000]
12:42:09.650 [main] INFO  org.eclipse.jetty.server.Server - Shutdown Server@29b489a9{STOPPING}[11.0.26,sto=1000]
12:42:09.651 [main] INFO  org.eclipse.jetty.server.AbstractConnector - Stopped NetworkTrafficServerConnector@60175602{HTTP/1.1, (http/1.1, h2c)}{0.0.0.0:19089}
12:42:09.651 [main] INFO  org.eclipse.jetty.server.handler.ContextHandler - Stopped o.e.j.s.ServletContextHandler@149ad42f{/,null,STOPPED}
12:42:09.652 [main] INFO  org.eclipse.jetty.server.handler.ContextHandler - Stopped o.e.j.s.ServletContextHandler@235b4c49{/__admin,null,STOPPED}
]]></system-out>
  </testcase>
  <testcase name="testLogin" classname="com.parasoft.parabank.service.ParaBankServiceImplTest" time="0.127">
    <system-out><![CDATA[12:42:09.656 [main] INFO  org.eclipse.jetty.server.Server - jetty-11.0.26; built: 2025-08-14T18:03:14.457Z; git: 7559873b6e46eea7c2c6da2b58327ea2ecf941f4; jvm 21.0.8+12-LTS-250
12:42:09.657 [main] INFO  org.eclipse.jetty.server.handler.ContextHandler - Started o.e.j.s.ServletContextHandler@27477eb7{/__admin,null,AVAILABLE}
12:42:09.657 [main] INFO  org.eclipse.jetty.server.handler.ContextHandler.ROOT - RequestHandlerClass from context returned com.github.tomakehurst.wiremock.http.StubRequestHandler. Normalized mapped under returned 'null'
12:42:09.657 [main] INFO  org.eclipse.jetty.server.handler.ContextHandler - Started o.e.j.s.ServletContextHandler@1ed5c877{/,null,AVAILABLE}
12:42:09.660 [main] INFO  org.eclipse.jetty.server.AbstractConnector - Started NetworkTrafficServerConnector@735666c4{HTTP/1.1, (http/1.1, h2c)}{0.0.0.0:19089}
12:42:09.660 [main] INFO  org.eclipse.jetty.server.Server - Started Server@6eb48b34{STARTING}[11.0.26,sto=1000] @31578ms
12:42:09.767 [qtp110090207-750] INFO  org.eclipse.jetty.server.handler.ContextHandler.__admin - RequestHandlerClass from context returned com.github.tomakehurst.wiremock.http.AdminRequestHandler. Normalized mapped under returned 'null'
12:42:09.769 [main] INFO  com.parasoft.parabank.test.util.AbstractParaBankDataSourceTest - loaded requestLoan mock for wsdl
12:42:09.770 [main] INFO  com.parasoft.parabank.test.util.AbstractParaBankDataSourceTest - loaded requestLoan mock for 10.00
12:42:09.771 [main] INFO  com.parasoft.parabank.test.util.AbstractParaBankDataSourceTest - loaded requestLoan mock for 100.00
12:42:09.773 [main] INFO  com.parasoft.parabank.test.util.AbstractParaBankDataSourceTest - loaded requestLoan mock for 1000.00
12:42:09.774 [main] INFO  com.parasoft.parabank.test.util.AbstractParaBankDataSourceTest - loaded requestLoan mock for 10000.00
12:42:09.778 [main] INFO  com.parasoft.parabank.dao.jdbc.JdbcCustomerDao - Getting customer object for username = john and password = demo
12:42:09.779 [main] INFO  com.parasoft.parabank.dao.jdbc.JdbcCustomerDao - Getting customer object for username = null and password = null
12:42:09.779 [main] WARN  com.parasoft.parabank.dao.jdbc.JdbcCustomerDao - Invalid login attempt with username = null and password = null
12:42:09.780 [main] INFO  org.eclipse.jetty.server.Server - Stopped Server@6eb48b34{STOPPING}[11.0.26,sto=1000]
12:42:09.780 [main] INFO  org.eclipse.jetty.server.Server - Shutdown Server@6eb48b34{STOPPING}[11.0.26,sto=1000]
12:42:09.781 [main] INFO  org.eclipse.jetty.server.AbstractConnector - Stopped NetworkTrafficServerConnector@735666c4{HTTP/1.1, (http/1.1, h2c)}{0.0.0.0:19089}
12:42:09.781 [main] INFO  org.eclipse.jetty.server.handler.ContextHandler - Stopped o.e.j.s.ServletContextHandler@1ed5c877{/,null,STOPPED}
12:42:09.781 [main] INFO  org.eclipse.jetty.server.handler.ContextHandler - Stopped o.e.j.s.ServletContextHandler@27477eb7{/__admin,null,STOPPED}
]]></system-out>
  </testcase>
  <testcase name="testGetTransactions" classname="com.parasoft.parabank.service.ParaBankServiceImplTest" time="0.125">
    <system-out><![CDATA[12:42:09.787 [main] INFO  org.eclipse.jetty.server.Server - jetty-11.0.26; built: 2025-08-14T18:03:14.457Z; git: 7559873b6e46eea7c2c6da2b58327ea2ecf941f4; jvm 21.0.8+12-LTS-250
12:42:09.789 [main] INFO  org.eclipse.jetty.server.handler.ContextHandler - Started o.e.j.s.ServletContextHandler@6746c3ef{/__admin,null,AVAILABLE}
12:42:09.789 [main] INFO  org.eclipse.jetty.server.handler.ContextHandler.ROOT - RequestHandlerClass from context returned com.github.tomakehurst.wiremock.http.StubRequestHandler. Normalized mapped under returned 'null'
12:42:09.789 [main] INFO  org.eclipse.jetty.server.handler.ContextHandler - Started o.e.j.s.ServletContextHandler@448c64b3{/,null,AVAILABLE}
12:42:09.792 [main] INFO  org.eclipse.jetty.server.AbstractConnector - Started NetworkTrafficServerConnector@5facf061{HTTP/1.1, (http/1.1, h2c)}{0.0.0.0:19089}
12:42:09.792 [main] INFO  org.eclipse.jetty.server.Server - Started Server@389f89be{STARTING}[11.0.26,sto=1000] @31711ms
12:42:09.900 [qtp2038898411-760] INFO  org.eclipse.jetty.server.handler.ContextHandler.__admin - RequestHandlerClass from context returned com.github.tomakehurst.wiremock.http.AdminRequestHandler. Normalized mapped under returned 'null'
12:42:09.901 [main] INFO  com.parasoft.parabank.test.util.AbstractParaBankDataSourceTest - loaded requestLoan mock for wsdl
12:42:09.903 [main] INFO  com.parasoft.parabank.test.util.AbstractParaBankDataSourceTest - loaded requestLoan mock for 10.00
12:42:09.904 [main] INFO  com.parasoft.parabank.test.util.AbstractParaBankDataSourceTest - loaded requestLoan mock for 100.00
12:42:09.905 [main] INFO  com.parasoft.parabank.test.util.AbstractParaBankDataSourceTest - loaded requestLoan mock for 1000.00
12:42:09.905 [main] INFO  com.parasoft.parabank.test.util.AbstractParaBankDataSourceTest - loaded requestLoan mock for 10000.00
12:42:09.906 [main] INFO  com.parasoft.parabank.dao.jdbc.JdbcAccountDao - Getting account object for id = 12345
12:42:09.908 [main] INFO  com.parasoft.parabank.dao.jdbc.JdbcTransactionDao - Retrieved 7 transactions for accountId = 12345
12:42:09.908 [main] INFO  com.parasoft.parabank.dao.jdbc.JdbcAccountDao - Getting account object for id = -1
12:42:09.909 [main] ERROR com.parasoft.parabank.service.ParaBankServiceImpl - DataAccessException caught :
org.springframework.dao.EmptyResultDataAccessException: Incorrect result size: expected 1, actual 0
	at org.springframework.dao.support.DataAccessUtils.nullableSingleResult(DataAccessUtils.java:194)
	at org.springframework.jdbc.core.JdbcTemplate.queryForObject(JdbcTemplate.java:897)
	at com.parasoft.parabank.dao.jdbc.JdbcAccountDao.getAccount(JdbcAccountDao.java:107)
	at com.parasoft.parabank.domain.logic.impl.BankManagerImpl.getAccount(BankManagerImpl.java:165)
	at java.base/jdk.internal.reflect.DirectMethodHandleAccessor.invoke(DirectMethodHandleAccessor.java:103)
	at java.base/java.lang.reflect.Method.invoke(Method.java:580)
	at org.springframework.aop.support.AopUtils.invokeJoinpointUsingReflection(AopUtils.java:360)
	at org.springframework.aop.framework.ReflectiveMethodInvocation.invokeJoinpoint(ReflectiveMethodInvocation.java:196)
	at org.springframework.aop.framework.ReflectiveMethodInvocation.proceed(ReflectiveMethodInvocation.java:163)
	at org.springframework.transaction.interceptor.TransactionAspectSupport.invokeWithinTransaction(TransactionAspectSupport.java:380)
	at org.springframework.transaction.interceptor.TransactionInterceptor.invoke(TransactionInterceptor.java:119)
	at org.springframework.aop.framework.ReflectiveMethodInvocation.proceed(ReflectiveMethodInvocation.java:184)
	at org.springframework.aop.interceptor.ExposeInvocationInterceptor.invoke(ExposeInvocationInterceptor.java:97)
	at org.springframework.aop.framework.ReflectiveMethodInvocation.proceed(ReflectiveMethodInvocation.java:184)
	at org.springframework.aop.framework.JdkDynamicAopProxy.invoke(JdkDynamicAopProxy.java:223)
	at jdk.proxy2/jdk.proxy2.$Proxy92.getAccount(Unknown Source)
	at com.parasoft.parabank.service.ParaBankServiceImpl.getTransactions(ParaBankServiceImpl.java:247)
	at com.parasoft.parabank.service.ParaBankServiceImplTest.testGetTransactions(ParaBankServiceImplTest.java:267)
	at java.base/jdk.internal.reflect.DirectMethodHandleAccessor.invoke(DirectMethodHandleAccessor.java:103)
	at java.base/java.lang.reflect.Method.invoke(Method.java:580)
	at org.junit.runners.model.FrameworkMethod$1.runReflectiveCall(FrameworkMethod.java:59)
	at org.junit.internal.runners.model.ReflectiveCallable.run(ReflectiveCallable.java:12)
	at org.junit.runners.model.FrameworkMethod.invokeExplosively(FrameworkMethod.java:56)
	at org.junit.internal.runners.statements.InvokeMethod.evaluate(InvokeMethod.java:17)
	at org.springframework.test.context.junit4.statements.RunBeforeTestExecutionCallbacks.evaluate(RunBeforeTestExecutionCallbacks.java:76)
	at org.springframework.test.context.junit4.statements.RunAfterTestExecutionCallbacks.evaluate(RunAfterTestExecutionCallbacks.java:84)
	at org.junit.internal.runners.statements.RunBefores.evaluate(RunBefores.java:26)
	at org.springframework.test.context.junit4.statements.RunBeforeTestMethodCallbacks.evaluate(RunBeforeTestMethodCallbacks.java:75)
	at org.junit.internal.runners.statements.RunAfters.evaluate(RunAfters.java:27)
	at org.springframework.test.context.junit4.statements.RunAfterTestMethodCallbacks.evaluate(RunAfterTestMethodCallbacks.java:86)
	at com.github.tomakehurst.wiremock.junit.WireMockRule$1.evaluate(WireMockRule.java:67)
	at org.springframework.test.context.junit4.statements.SpringRepeat.evaluate(SpringRepeat.java:84)
	at org.junit.runners.ParentRunner.runLeaf(ParentRunner.java:366)
	at org.springframework.test.context.junit4.SpringJUnit4ClassRunner.runChild(SpringJUnit4ClassRunner.java:252)
	at org.springframework.test.context.junit4.SpringJUnit4ClassRunner.runChild(SpringJUnit4ClassRunner.java:97)
	at org.junit.runners.ParentRunner$4.run(ParentRunner.java:331)
	at org.junit.runners.ParentRunner$1.schedule(ParentRunner.java:79)
	at org.junit.runners.ParentRunner.runChildren(ParentRunner.java:329)
	at org.junit.runners.ParentRunner.access$100(ParentRunner.java:66)
	at org.junit.runners.ParentRunner$2.evaluate(ParentRunner.java:293)
	at org.junit.internal.runners.statements.RunBefores.evaluate(RunBefores.java:26)
	at org.springframework.test.context.junit4.statements.RunBeforeTestClassCallbacks.evaluate(RunBeforeTestClassCallbacks.java:61)
	at org.junit.internal.runners.statements.RunAfters.evaluate(RunAfters.java:27)
	at org.springframework.test.context.junit4.statements.RunAfterTestClassCallbacks.evaluate(RunAfterTestClassCallbacks.java:70)
	at org.junit.runners.ParentRunner$3.evaluate(ParentRunner.java:306)
	at org.junit.runners.ParentRunner.run(ParentRunner.java:413)
	at org.springframework.test.context.junit4.SpringJUnit4ClassRunner.run(SpringJUnit4ClassRunner.java:191)
	at org.apache.maven.surefire.junit4.JUnit4Provider.execute(JUnit4Provider.java:316)
	at org.apache.maven.surefire.junit4.JUnit4Provider.executeWithRerun(JUnit4Provider.java:240)
	at org.apache.maven.surefire.junit4.JUnit4Provider.executeTestSet(JUnit4Provider.java:214)
	at org.apache.maven.surefire.junit4.JUnit4Provider.invoke(JUnit4Provider.java:155)
	at org.apache.maven.surefire.booter.ForkedBooter.runSuitesInProcess(ForkedBooter.java:385)
	at org.apache.maven.surefire.booter.ForkedBooter.execute(ForkedBooter.java:162)
	at org.apache.maven.surefire.booter.ForkedBooter.run(ForkedBooter.java:507)
	at org.apache.maven.surefire.booter.ForkedBooter.main(ForkedBooter.java:495)
12:42:09.910 [main] INFO  org.eclipse.jetty.server.Server - Stopped Server@389f89be{STOPPING}[11.0.26,sto=1000]
12:42:09.910 [main] INFO  org.eclipse.jetty.server.Server - Shutdown Server@389f89be{STOPPING}[11.0.26,sto=1000]
12:42:09.911 [main] INFO  org.eclipse.jetty.server.AbstractConnector - Stopped NetworkTrafficServerConnector@5facf061{HTTP/1.1, (http/1.1, h2c)}{0.0.0.0:19089}
12:42:09.911 [main] INFO  org.eclipse.jetty.server.handler.ContextHandler - Stopped o.e.j.s.ServletContextHandler@448c64b3{/,null,STOPPED}
12:42:09.911 [main] INFO  org.eclipse.jetty.server.handler.ContextHandler - Stopped o.e.j.s.ServletContextHandler@6746c3ef{/__admin,null,STOPPED}
]]></system-out>
  </testcase>
  <testcase name="testGetAccount" classname="com.parasoft.parabank.service.ParaBankServiceImplTest" time="0.123">
    <system-out><![CDATA[12:42:09.915 [main] INFO  org.eclipse.jetty.server.Server - jetty-11.0.26; built: 2025-08-14T18:03:14.457Z; git: 7559873b6e46eea7c2c6da2b58327ea2ecf941f4; jvm 21.0.8+12-LTS-250
12:42:09.916 [main] INFO  org.eclipse.jetty.server.handler.ContextHandler - Started o.e.j.s.ServletContextHandler@153412a1{/__admin,null,AVAILABLE}
12:42:09.916 [main] INFO  org.eclipse.jetty.server.handler.ContextHandler.ROOT - RequestHandlerClass from context returned com.github.tomakehurst.wiremock.http.StubRequestHandler. Normalized mapped under returned 'null'
12:42:09.916 [main] INFO  org.eclipse.jetty.server.handler.ContextHandler - Started o.e.j.s.ServletContextHandler@3562b3f{/,null,AVAILABLE}
12:42:09.919 [main] INFO  org.eclipse.jetty.server.AbstractConnector - Started NetworkTrafficServerConnector@5880bce2{HTTP/1.1, (http/1.1, h2c)}{0.0.0.0:19089}
12:42:09.919 [main] INFO  org.eclipse.jetty.server.Server - Started Server@2898a250{STARTING}[11.0.26,sto=1000] @31837ms
12:42:10.025 [qtp1500687165-770] INFO  org.eclipse.jetty.server.handler.ContextHandler.__admin - RequestHandlerClass from context returned com.github.tomakehurst.wiremock.http.AdminRequestHandler. Normalized mapped under returned 'null'
12:42:10.026 [main] INFO  com.parasoft.parabank.test.util.AbstractParaBankDataSourceTest - loaded requestLoan mock for wsdl
12:42:10.028 [main] INFO  com.parasoft.parabank.test.util.AbstractParaBankDataSourceTest - loaded requestLoan mock for 10.00
12:42:10.029 [main] INFO  com.parasoft.parabank.test.util.AbstractParaBankDataSourceTest - loaded requestLoan mock for 100.00
12:42:10.030 [main] INFO  com.parasoft.parabank.test.util.AbstractParaBankDataSourceTest - loaded requestLoan mock for 1000.00
12:42:10.031 [main] INFO  com.parasoft.parabank.test.util.AbstractParaBankDataSourceTest - loaded requestLoan mock for 10000.00
12:42:10.031 [main] INFO  com.parasoft.parabank.dao.jdbc.JdbcAccountDao - Getting account object for id = 12345
12:42:10.033 [main] INFO  com.parasoft.parabank.dao.jdbc.JdbcAccountDao - Getting account object for id = -1
12:42:10.034 [main] ERROR com.parasoft.parabank.service.ParaBankServiceImpl - DataAccessException caught :
org.springframework.dao.EmptyResultDataAccessException: Incorrect result size: expected 1, actual 0
	at org.springframework.dao.support.DataAccessUtils.nullableSingleResult(DataAccessUtils.java:194)
	at org.springframework.jdbc.core.JdbcTemplate.queryForObject(JdbcTemplate.java:897)
	at com.parasoft.parabank.dao.jdbc.JdbcAccountDao.getAccount(JdbcAccountDao.java:107)
	at com.parasoft.parabank.domain.logic.impl.BankManagerImpl.getAccount(BankManagerImpl.java:165)
	at java.base/jdk.internal.reflect.DirectMethodHandleAccessor.invoke(DirectMethodHandleAccessor.java:103)
	at java.base/java.lang.reflect.Method.invoke(Method.java:580)
	at org.springframework.aop.support.AopUtils.invokeJoinpointUsingReflection(AopUtils.java:360)
	at org.springframework.aop.framework.ReflectiveMethodInvocation.invokeJoinpoint(ReflectiveMethodInvocation.java:196)
	at org.springframework.aop.framework.ReflectiveMethodInvocation.proceed(ReflectiveMethodInvocation.java:163)
	at org.springframework.transaction.interceptor.TransactionAspectSupport.invokeWithinTransaction(TransactionAspectSupport.java:380)
	at org.springframework.transaction.interceptor.TransactionInterceptor.invoke(TransactionInterceptor.java:119)
	at org.springframework.aop.framework.ReflectiveMethodInvocation.proceed(ReflectiveMethodInvocation.java:184)
	at org.springframework.aop.interceptor.ExposeInvocationInterceptor.invoke(ExposeInvocationInterceptor.java:97)
	at org.springframework.aop.framework.ReflectiveMethodInvocation.proceed(ReflectiveMethodInvocation.java:184)
	at org.springframework.aop.framework.JdkDynamicAopProxy.invoke(JdkDynamicAopProxy.java:223)
	at jdk.proxy2/jdk.proxy2.$Proxy92.getAccount(Unknown Source)
	at com.parasoft.parabank.service.ParaBankServiceImpl.getAccount(ParaBankServiceImpl.java:124)
	at com.parasoft.parabank.service.ParaBankServiceImplTest.testGetAccount(ParaBankServiceImplTest.java:176)
	at java.base/jdk.internal.reflect.DirectMethodHandleAccessor.invoke(DirectMethodHandleAccessor.java:103)
	at java.base/java.lang.reflect.Method.invoke(Method.java:580)
	at org.junit.runners.model.FrameworkMethod$1.runReflectiveCall(FrameworkMethod.java:59)
	at org.junit.internal.runners.model.ReflectiveCallable.run(ReflectiveCallable.java:12)
	at org.junit.runners.model.FrameworkMethod.invokeExplosively(FrameworkMethod.java:56)
	at org.junit.internal.runners.statements.InvokeMethod.evaluate(InvokeMethod.java:17)
	at org.springframework.test.context.junit4.statements.RunBeforeTestExecutionCallbacks.evaluate(RunBeforeTestExecutionCallbacks.java:76)
	at org.springframework.test.context.junit4.statements.RunAfterTestExecutionCallbacks.evaluate(RunAfterTestExecutionCallbacks.java:84)
	at org.junit.internal.runners.statements.RunBefores.evaluate(RunBefores.java:26)
	at org.springframework.test.context.junit4.statements.RunBeforeTestMethodCallbacks.evaluate(RunBeforeTestMethodCallbacks.java:75)
	at org.junit.internal.runners.statements.RunAfters.evaluate(RunAfters.java:27)
	at org.springframework.test.context.junit4.statements.RunAfterTestMethodCallbacks.evaluate(RunAfterTestMethodCallbacks.java:86)
	at com.github.tomakehurst.wiremock.junit.WireMockRule$1.evaluate(WireMockRule.java:67)
	at org.springframework.test.context.junit4.statements.SpringRepeat.evaluate(SpringRepeat.java:84)
	at org.junit.runners.ParentRunner.runLeaf(ParentRunner.java:366)
	at org.springframework.test.context.junit4.SpringJUnit4ClassRunner.runChild(SpringJUnit4ClassRunner.java:252)
	at org.springframework.test.context.junit4.SpringJUnit4ClassRunner.runChild(SpringJUnit4ClassRunner.java:97)
	at org.junit.runners.ParentRunner$4.run(ParentRunner.java:331)
	at org.junit.runners.ParentRunner$1.schedule(ParentRunner.java:79)
	at org.junit.runners.ParentRunner.runChildren(ParentRunner.java:329)
	at org.junit.runners.ParentRunner.access$100(ParentRunner.java:66)
	at org.junit.runners.ParentRunner$2.evaluate(ParentRunner.java:293)
	at org.junit.internal.runners.statements.RunBefores.evaluate(RunBefores.java:26)
	at org.springframework.test.context.junit4.statements.RunBeforeTestClassCallbacks.evaluate(RunBeforeTestClassCallbacks.java:61)
	at org.junit.internal.runners.statements.RunAfters.evaluate(RunAfters.java:27)
	at org.springframework.test.context.junit4.statements.RunAfterTestClassCallbacks.evaluate(RunAfterTestClassCallbacks.java:70)
	at org.junit.runners.ParentRunner$3.evaluate(ParentRunner.java:306)
	at org.junit.runners.ParentRunner.run(ParentRunner.java:413)
	at org.springframework.test.context.junit4.SpringJUnit4ClassRunner.run(SpringJUnit4ClassRunner.java:191)
	at org.apache.maven.surefire.junit4.JUnit4Provider.execute(JUnit4Provider.java:316)
	at org.apache.maven.surefire.junit4.JUnit4Provider.executeWithRerun(JUnit4Provider.java:240)
	at org.apache.maven.surefire.junit4.JUnit4Provider.executeTestSet(JUnit4Provider.java:214)
	at org.apache.maven.surefire.junit4.JUnit4Provider.invoke(JUnit4Provider.java:155)
	at org.apache.maven.surefire.booter.ForkedBooter.runSuitesInProcess(ForkedBooter.java:385)
	at org.apache.maven.surefire.booter.ForkedBooter.execute(ForkedBooter.java:162)
	at org.apache.maven.surefire.booter.ForkedBooter.run(ForkedBooter.java:507)
	at org.apache.maven.surefire.booter.ForkedBooter.main(ForkedBooter.java:495)
12:42:10.036 [main] INFO  org.eclipse.jetty.server.Server - Stopped Server@2898a250{STOPPING}[11.0.26,sto=1000]
12:42:10.036 [main] INFO  org.eclipse.jetty.server.Server - Shutdown Server@2898a250{STOPPING}[11.0.26,sto=1000]
12:42:10.037 [main] INFO  org.eclipse.jetty.server.AbstractConnector - Stopped NetworkTrafficServerConnector@5880bce2{HTTP/1.1, (http/1.1, h2c)}{0.0.0.0:19089}
12:42:10.037 [main] INFO  org.eclipse.jetty.server.handler.ContextHandler - Stopped o.e.j.s.ServletContextHandler@3562b3f{/,null,STOPPED}
12:42:10.037 [main] INFO  org.eclipse.jetty.server.handler.ContextHandler - Stopped o.e.j.s.ServletContextHandler@153412a1{/__admin,null,STOPPED}
]]></system-out>
  </testcase>
  <testcase name="testGetAccounts" classname="com.parasoft.parabank.service.ParaBankServiceImplTest" time="0.126">
    <system-out><![CDATA[12:42:10.042 [main] INFO  org.eclipse.jetty.server.Server - jetty-11.0.26; built: 2025-08-14T18:03:14.457Z; git: 7559873b6e46eea7c2c6da2b58327ea2ecf941f4; jvm 21.0.8+12-LTS-250
12:42:10.043 [main] INFO  org.eclipse.jetty.server.handler.ContextHandler - Started o.e.j.s.ServletContextHandler@c27ea94{/__admin,null,AVAILABLE}
12:42:10.043 [main] INFO  org.eclipse.jetty.server.handler.ContextHandler.ROOT - RequestHandlerClass from context returned com.github.tomakehurst.wiremock.http.StubRequestHandler. Normalized mapped under returned 'null'
12:42:10.043 [main] INFO  org.eclipse.jetty.server.handler.ContextHandler - Started o.e.j.s.ServletContextHandler@36058c6b{/,null,AVAILABLE}
12:42:10.046 [main] INFO  org.eclipse.jetty.server.AbstractConnector - Started NetworkTrafficServerConnector@67306a84{HTTP/1.1, (http/1.1, h2c)}{0.0.0.0:19089}
12:42:10.046 [main] INFO  org.eclipse.jetty.server.Server - Started Server@230a5300{STARTING}[11.0.26,sto=1000] @31964ms
12:42:10.153 [qtp1087817375-780] INFO  org.eclipse.jetty.server.handler.ContextHandler.__admin - RequestHandlerClass from context returned com.github.tomakehurst.wiremock.http.AdminRequestHandler. Normalized mapped under returned 'null'
12:42:10.155 [main] INFO  com.parasoft.parabank.test.util.AbstractParaBankDataSourceTest - loaded requestLoan mock for wsdl
12:42:10.157 [main] INFO  com.parasoft.parabank.test.util.AbstractParaBankDataSourceTest - loaded requestLoan mock for 10.00
12:42:10.158 [main] INFO  com.parasoft.parabank.test.util.AbstractParaBankDataSourceTest - loaded requestLoan mock for 100.00
12:42:10.159 [main] INFO  com.parasoft.parabank.test.util.AbstractParaBankDataSourceTest - loaded requestLoan mock for 1000.00
12:42:10.161 [main] INFO  com.parasoft.parabank.test.util.AbstractParaBankDataSourceTest - loaded requestLoan mock for 10000.00
12:42:10.161 [main] INFO  com.parasoft.parabank.dao.jdbc.JdbcCustomerDao - Getting customer object for id = 12212
12:42:10.163 [main] INFO  com.parasoft.parabank.dao.jdbc.JdbcAccountDao - Retrieved 11 accounts for customerId = 12212
12:42:10.163 [main] INFO  com.parasoft.parabank.dao.jdbc.JdbcCustomerDao - Getting customer object for id = -1
12:42:10.164 [main] ERROR com.parasoft.parabank.service.ParaBankServiceImpl - DataAccessException caught :
org.springframework.dao.EmptyResultDataAccessException: Incorrect result size: expected 1, actual 0
	at org.springframework.dao.support.DataAccessUtils.nullableSingleResult(DataAccessUtils.java:194)
	at org.springframework.jdbc.core.JdbcTemplate.queryForObject(JdbcTemplate.java:897)
	at com.parasoft.parabank.dao.jdbc.JdbcCustomerDao.getCustomer(JdbcCustomerDao.java:81)
	at com.parasoft.parabank.domain.logic.impl.BankManagerImpl.getCustomer(BankManagerImpl.java:185)
	at java.base/jdk.internal.reflect.DirectMethodHandleAccessor.invoke(DirectMethodHandleAccessor.java:103)
	at java.base/java.lang.reflect.Method.invoke(Method.java:580)
	at org.springframework.aop.support.AopUtils.invokeJoinpointUsingReflection(AopUtils.java:360)
	at org.springframework.aop.framework.ReflectiveMethodInvocation.invokeJoinpoint(ReflectiveMethodInvocation.java:196)
	at org.springframework.aop.framework.ReflectiveMethodInvocation.proceed(ReflectiveMethodInvocation.java:163)
	at org.springframework.transaction.interceptor.TransactionAspectSupport.invokeWithinTransaction(TransactionAspectSupport.java:380)
	at org.springframework.transaction.interceptor.TransactionInterceptor.invoke(TransactionInterceptor.java:119)
	at org.springframework.aop.framework.ReflectiveMethodInvocation.proceed(ReflectiveMethodInvocation.java:184)
	at org.springframework.aop.interceptor.ExposeInvocationInterceptor.invoke(ExposeInvocationInterceptor.java:97)
	at org.springframework.aop.framework.ReflectiveMethodInvocation.proceed(ReflectiveMethodInvocation.java:184)
	at org.springframework.aop.framework.JdkDynamicAopProxy.invoke(JdkDynamicAopProxy.java:223)
	at jdk.proxy2/jdk.proxy2.$Proxy92.getCustomer(Unknown Source)
	at com.parasoft.parabank.service.ParaBankServiceImpl.getAccounts(ParaBankServiceImpl.java:139)
	at com.parasoft.parabank.service.ParaBankServiceImplTest.testGetAccounts(ParaBankServiceImplTest.java:188)
	at java.base/jdk.internal.reflect.DirectMethodHandleAccessor.invoke(DirectMethodHandleAccessor.java:103)
	at java.base/java.lang.reflect.Method.invoke(Method.java:580)
	at org.junit.runners.model.FrameworkMethod$1.runReflectiveCall(FrameworkMethod.java:59)
	at org.junit.internal.runners.model.ReflectiveCallable.run(ReflectiveCallable.java:12)
	at org.junit.runners.model.FrameworkMethod.invokeExplosively(FrameworkMethod.java:56)
	at org.junit.internal.runners.statements.InvokeMethod.evaluate(InvokeMethod.java:17)
	at org.springframework.test.context.junit4.statements.RunBeforeTestExecutionCallbacks.evaluate(RunBeforeTestExecutionCallbacks.java:76)
	at org.springframework.test.context.junit4.statements.RunAfterTestExecutionCallbacks.evaluate(RunAfterTestExecutionCallbacks.java:84)
	at org.junit.internal.runners.statements.RunBefores.evaluate(RunBefores.java:26)
	at org.springframework.test.context.junit4.statements.RunBeforeTestMethodCallbacks.evaluate(RunBeforeTestMethodCallbacks.java:75)
	at org.junit.internal.runners.statements.RunAfters.evaluate(RunAfters.java:27)
	at org.springframework.test.context.junit4.statements.RunAfterTestMethodCallbacks.evaluate(RunAfterTestMethodCallbacks.java:86)
	at com.github.tomakehurst.wiremock.junit.WireMockRule$1.evaluate(WireMockRule.java:67)
	at org.springframework.test.context.junit4.statements.SpringRepeat.evaluate(SpringRepeat.java:84)
	at org.junit.runners.ParentRunner.runLeaf(ParentRunner.java:366)
	at org.springframework.test.context.junit4.SpringJUnit4ClassRunner.runChild(SpringJUnit4ClassRunner.java:252)
	at org.springframework.test.context.junit4.SpringJUnit4ClassRunner.runChild(SpringJUnit4ClassRunner.java:97)
	at org.junit.runners.ParentRunner$4.run(ParentRunner.java:331)
	at org.junit.runners.ParentRunner$1.schedule(ParentRunner.java:79)
	at org.junit.runners.ParentRunner.runChildren(ParentRunner.java:329)
	at org.junit.runners.ParentRunner.access$100(ParentRunner.java:66)
	at org.junit.runners.ParentRunner$2.evaluate(ParentRunner.java:293)
	at org.junit.internal.runners.statements.RunBefores.evaluate(RunBefores.java:26)
	at org.springframework.test.context.junit4.statements.RunBeforeTestClassCallbacks.evaluate(RunBeforeTestClassCallbacks.java:61)
	at org.junit.internal.runners.statements.RunAfters.evaluate(RunAfters.java:27)
	at org.springframework.test.context.junit4.statements.RunAfterTestClassCallbacks.evaluate(RunAfterTestClassCallbacks.java:70)
	at org.junit.runners.ParentRunner$3.evaluate(ParentRunner.java:306)
	at org.junit.runners.ParentRunner.run(ParentRunner.java:413)
	at org.springframework.test.context.junit4.SpringJUnit4ClassRunner.run(SpringJUnit4ClassRunner.java:191)
	at org.apache.maven.surefire.junit4.JUnit4Provider.execute(JUnit4Provider.java:316)
	at org.apache.maven.surefire.junit4.JUnit4Provider.executeWithRerun(JUnit4Provider.java:240)
	at org.apache.maven.surefire.junit4.JUnit4Provider.executeTestSet(JUnit4Provider.java:214)
	at org.apache.maven.surefire.junit4.JUnit4Provider.invoke(JUnit4Provider.java:155)
	at org.apache.maven.surefire.booter.ForkedBooter.runSuitesInProcess(ForkedBooter.java:385)
	at org.apache.maven.surefire.booter.ForkedBooter.execute(ForkedBooter.java:162)
	at org.apache.maven.surefire.booter.ForkedBooter.run(ForkedBooter.java:507)
	at org.apache.maven.surefire.booter.ForkedBooter.main(ForkedBooter.java:495)
12:42:10.165 [main] INFO  org.eclipse.jetty.server.Server - Stopped Server@230a5300{STOPPING}[11.0.26,sto=1000]
12:42:10.165 [main] INFO  org.eclipse.jetty.server.Server - Shutdown Server@230a5300{STOPPING}[11.0.26,sto=1000]
12:42:10.166 [main] INFO  org.eclipse.jetty.server.AbstractConnector - Stopped NetworkTrafficServerConnector@67306a84{HTTP/1.1, (http/1.1, h2c)}{0.0.0.0:19089}
12:42:10.166 [main] INFO  org.eclipse.jetty.server.handler.ContextHandler - Stopped o.e.j.s.ServletContextHandler@36058c6b{/,null,STOPPED}
12:42:10.166 [main] INFO  org.eclipse.jetty.server.handler.ContextHandler - Stopped o.e.j.s.ServletContextHandler@c27ea94{/__admin,null,STOPPED}
]]></system-out>
  </testcase>
  <testcase name="testWithdraw" classname="com.parasoft.parabank.service.ParaBankServiceImplTest" time="0.135">
    <system-out><![CDATA[12:42:10.171 [main] INFO  org.eclipse.jetty.server.Server - jetty-11.0.26; built: 2025-08-14T18:03:14.457Z; git: 7559873b6e46eea7c2c6da2b58327ea2ecf941f4; jvm 21.0.8+12-LTS-250
12:42:10.174 [main] INFO  org.eclipse.jetty.server.handler.ContextHandler - Started o.e.j.s.ServletContextHandler@72c2e359{/__admin,null,AVAILABLE}
12:42:10.174 [main] INFO  org.eclipse.jetty.server.handler.ContextHandler.ROOT - RequestHandlerClass from context returned com.github.tomakehurst.wiremock.http.StubRequestHandler. Normalized mapped under returned 'null'
12:42:10.174 [main] INFO  org.eclipse.jetty.server.handler.ContextHandler - Started o.e.j.s.ServletContextHandler@8779d78{/,null,AVAILABLE}
12:42:10.177 [main] INFO  org.eclipse.jetty.server.AbstractConnector - Started NetworkTrafficServerConnector@3e9ed2c{HTTP/1.1, (http/1.1, h2c)}{0.0.0.0:19089}
12:42:10.177 [main] INFO  org.eclipse.jetty.server.Server - Started Server@6514666f{STARTING}[11.0.26,sto=1000] @32096ms
12:42:10.286 [qtp112893921-790] INFO  org.eclipse.jetty.server.handler.ContextHandler.__admin - RequestHandlerClass from context returned com.github.tomakehurst.wiremock.http.AdminRequestHandler. Normalized mapped under returned 'null'
12:42:10.287 [main] INFO  com.parasoft.parabank.test.util.AbstractParaBankDataSourceTest - loaded requestLoan mock for wsdl
12:42:10.289 [main] INFO  com.parasoft.parabank.test.util.AbstractParaBankDataSourceTest - loaded requestLoan mock for 10.00
12:42:10.290 [main] INFO  com.parasoft.parabank.test.util.AbstractParaBankDataSourceTest - loaded requestLoan mock for 100.00
12:42:10.291 [main] INFO  com.parasoft.parabank.test.util.AbstractParaBankDataSourceTest - loaded requestLoan mock for 1000.00
12:42:10.293 [main] INFO  com.parasoft.parabank.test.util.AbstractParaBankDataSourceTest - loaded requestLoan mock for 10000.00
12:42:10.296 [main] INFO  com.parasoft.parabank.dao.jdbc.JdbcAccountDao - Getting account object for id = 12345
12:42:10.299 [main] INFO  com.parasoft.parabank.dao.jdbc.JdbcAccountDao - Updated information for account with id = 12345
12:42:10.299 [main] INFO  com.parasoft.parabank.domain.logic.impl.BankManagerImpl - Debited account with id = 12345 in the amount of 100.00
12:42:10.301 [main] INFO  com.parasoft.parabank.dao.jdbc.JdbcTransactionDao - Created new transaction with id = 14476
12:42:10.301 [main] INFO  com.parasoft.parabank.domain.logic.impl.BankManagerImpl - Created debit transaction with id = 14476 with description: Withdraw via Web Service
12:42:10.302 [main] INFO  com.parasoft.parabank.dao.jdbc.JdbcAccountDao - Getting account object for id = -1
12:42:10.302 [main] ERROR com.parasoft.parabank.service.ParaBankServiceImpl - DataAccessException caught :
org.springframework.dao.EmptyResultDataAccessException: Incorrect result size: expected 1, actual 0
	at org.springframework.dao.support.DataAccessUtils.nullableSingleResult(DataAccessUtils.java:194)
	at org.springframework.jdbc.core.JdbcTemplate.queryForObject(JdbcTemplate.java:897)
	at com.parasoft.parabank.dao.jdbc.JdbcAccountDao.getAccount(JdbcAccountDao.java:107)
	at com.parasoft.parabank.domain.logic.impl.BankManagerImpl.withdraw(BankManagerImpl.java:409)
	at java.base/jdk.internal.reflect.DirectMethodHandleAccessor.invoke(DirectMethodHandleAccessor.java:103)
	at java.base/java.lang.reflect.Method.invoke(Method.java:580)
	at org.springframework.aop.support.AopUtils.invokeJoinpointUsingReflection(AopUtils.java:360)
	at org.springframework.aop.framework.ReflectiveMethodInvocation.invokeJoinpoint(ReflectiveMethodInvocation.java:196)
	at org.springframework.aop.framework.ReflectiveMethodInvocation.proceed(ReflectiveMethodInvocation.java:163)
	at org.springframework.transaction.interceptor.TransactionAspectSupport.invokeWithinTransaction(TransactionAspectSupport.java:380)
	at org.springframework.transaction.interceptor.TransactionInterceptor.invoke(TransactionInterceptor.java:119)
	at org.springframework.aop.framework.ReflectiveMethodInvocation.proceed(ReflectiveMethodInvocation.java:184)
	at org.springframework.aop.interceptor.ExposeInvocationInterceptor.invoke(ExposeInvocationInterceptor.java:97)
	at org.springframework.aop.framework.ReflectiveMethodInvocation.proceed(ReflectiveMethodInvocation.java:184)
	at org.springframework.aop.framework.JdkDynamicAopProxy.invoke(JdkDynamicAopProxy.java:223)
	at jdk.proxy2/jdk.proxy2.$Proxy92.withdraw(Unknown Source)
	at com.parasoft.parabank.service.ParaBankServiceImpl.withdraw(ParaBankServiceImpl.java:497)
	at com.parasoft.parabank.service.ParaBankServiceImplTest.testWithdraw(ParaBankServiceImplTest.java:324)
	at java.base/jdk.internal.reflect.DirectMethodHandleAccessor.invoke(DirectMethodHandleAccessor.java:103)
	at java.base/java.lang.reflect.Method.invoke(Method.java:580)
	at org.junit.runners.model.FrameworkMethod$1.runReflectiveCall(FrameworkMethod.java:59)
	at org.junit.internal.runners.model.ReflectiveCallable.run(ReflectiveCallable.java:12)
	at org.junit.runners.model.FrameworkMethod.invokeExplosively(FrameworkMethod.java:56)
	at org.junit.internal.runners.statements.InvokeMethod.evaluate(InvokeMethod.java:17)
	at org.springframework.test.context.junit4.statements.RunBeforeTestExecutionCallbacks.evaluate(RunBeforeTestExecutionCallbacks.java:76)
	at org.springframework.test.context.junit4.statements.RunAfterTestExecutionCallbacks.evaluate(RunAfterTestExecutionCallbacks.java:84)
	at org.junit.internal.runners.statements.RunBefores.evaluate(RunBefores.java:26)
	at org.springframework.test.context.junit4.statements.RunBeforeTestMethodCallbacks.evaluate(RunBeforeTestMethodCallbacks.java:75)
	at org.junit.internal.runners.statements.RunAfters.evaluate(RunAfters.java:27)
	at org.springframework.test.context.junit4.statements.RunAfterTestMethodCallbacks.evaluate(RunAfterTestMethodCallbacks.java:86)
	at com.github.tomakehurst.wiremock.junit.WireMockRule$1.evaluate(WireMockRule.java:67)
	at org.springframework.test.context.junit4.statements.SpringRepeat.evaluate(SpringRepeat.java:84)
	at org.junit.runners.ParentRunner.runLeaf(ParentRunner.java:366)
	at org.springframework.test.context.junit4.SpringJUnit4ClassRunner.runChild(SpringJUnit4ClassRunner.java:252)
	at org.springframework.test.context.junit4.SpringJUnit4ClassRunner.runChild(SpringJUnit4ClassRunner.java:97)
	at org.junit.runners.ParentRunner$4.run(ParentRunner.java:331)
	at org.junit.runners.ParentRunner$1.schedule(ParentRunner.java:79)
	at org.junit.runners.ParentRunner.runChildren(ParentRunner.java:329)
	at org.junit.runners.ParentRunner.access$100(ParentRunner.java:66)
	at org.junit.runners.ParentRunner$2.evaluate(ParentRunner.java:293)
	at org.junit.internal.runners.statements.RunBefores.evaluate(RunBefores.java:26)
	at org.springframework.test.context.junit4.statements.RunBeforeTestClassCallbacks.evaluate(RunBeforeTestClassCallbacks.java:61)
	at org.junit.internal.runners.statements.RunAfters.evaluate(RunAfters.java:27)
	at org.springframework.test.context.junit4.statements.RunAfterTestClassCallbacks.evaluate(RunAfterTestClassCallbacks.java:70)
	at org.junit.runners.ParentRunner$3.evaluate(ParentRunner.java:306)
	at org.junit.runners.ParentRunner.run(ParentRunner.java:413)
	at org.springframework.test.context.junit4.SpringJUnit4ClassRunner.run(SpringJUnit4ClassRunner.java:191)
	at org.apache.maven.surefire.junit4.JUnit4Provider.execute(JUnit4Provider.java:316)
	at org.apache.maven.surefire.junit4.JUnit4Provider.executeWithRerun(JUnit4Provider.java:240)
	at org.apache.maven.surefire.junit4.JUnit4Provider.executeTestSet(JUnit4Provider.java:214)
	at org.apache.maven.surefire.junit4.JUnit4Provider.invoke(JUnit4Provider.java:155)
	at org.apache.maven.surefire.booter.ForkedBooter.runSuitesInProcess(ForkedBooter.java:385)
	at org.apache.maven.surefire.booter.ForkedBooter.execute(ForkedBooter.java:162)
	at org.apache.maven.surefire.booter.ForkedBooter.run(ForkedBooter.java:507)
	at org.apache.maven.surefire.booter.ForkedBooter.main(ForkedBooter.java:495)
12:42:10.303 [main] INFO  org.eclipse.jetty.server.Server - Stopped Server@6514666f{STOPPING}[11.0.26,sto=1000]
12:42:10.304 [main] INFO  org.eclipse.jetty.server.Server - Shutdown Server@6514666f{STOPPING}[11.0.26,sto=1000]
12:42:10.304 [main] INFO  org.eclipse.jetty.server.AbstractConnector - Stopped NetworkTrafficServerConnector@3e9ed2c{HTTP/1.1, (http/1.1, h2c)}{0.0.0.0:19089}
12:42:10.304 [main] INFO  org.eclipse.jetty.server.handler.ContextHandler - Stopped o.e.j.s.ServletContextHandler@8779d78{/,null,STOPPED}
12:42:10.304 [main] INFO  org.eclipse.jetty.server.handler.ContextHandler - Stopped o.e.j.s.ServletContextHandler@72c2e359{/__admin,null,STOPPED}
]]></system-out>
  </testcase>
  <testcase name="testGetTransaction" classname="com.parasoft.parabank.service.ParaBankServiceImplTest" time="0.121">
    <system-out><![CDATA[12:42:10.308 [main] INFO  org.eclipse.jetty.server.Server - jetty-11.0.26; built: 2025-08-14T18:03:14.457Z; git: 7559873b6e46eea7c2c6da2b58327ea2ecf941f4; jvm 21.0.8+12-LTS-250
12:42:10.310 [main] INFO  org.eclipse.jetty.server.handler.ContextHandler - Started o.e.j.s.ServletContextHandler@6e5d37c0{/__admin,null,AVAILABLE}
12:42:10.310 [main] INFO  org.eclipse.jetty.server.handler.ContextHandler.ROOT - RequestHandlerClass from context returned com.github.tomakehurst.wiremock.http.StubRequestHandler. Normalized mapped under returned 'null'
12:42:10.310 [main] INFO  org.eclipse.jetty.server.handler.ContextHandler - Started o.e.j.s.ServletContextHandler@6f14bc87{/,null,AVAILABLE}
12:42:10.312 [main] INFO  org.eclipse.jetty.server.AbstractConnector - Started NetworkTrafficServerConnector@50de1fe5{HTTP/1.1, (http/1.1, h2c)}{0.0.0.0:19089}
12:42:10.312 [main] INFO  org.eclipse.jetty.server.Server - Started Server@44cb66af{STARTING}[11.0.26,sto=1000] @32230ms
12:42:10.418 [qtp163187202-800] INFO  org.eclipse.jetty.server.handler.ContextHandler.__admin - RequestHandlerClass from context returned com.github.tomakehurst.wiremock.http.AdminRequestHandler. Normalized mapped under returned 'null'
12:42:10.420 [main] INFO  com.parasoft.parabank.test.util.AbstractParaBankDataSourceTest - loaded requestLoan mock for wsdl
12:42:10.421 [main] INFO  com.parasoft.parabank.test.util.AbstractParaBankDataSourceTest - loaded requestLoan mock for 10.00
12:42:10.422 [main] INFO  com.parasoft.parabank.test.util.AbstractParaBankDataSourceTest - loaded requestLoan mock for 100.00
12:42:10.423 [main] INFO  com.parasoft.parabank.test.util.AbstractParaBankDataSourceTest - loaded requestLoan mock for 1000.00
12:42:10.424 [main] INFO  com.parasoft.parabank.test.util.AbstractParaBankDataSourceTest - loaded requestLoan mock for 10000.00
12:42:10.425 [main] INFO  com.parasoft.parabank.dao.jdbc.JdbcTransactionDao - Getting transaction object for id = 13033
12:42:10.426 [main] INFO  com.parasoft.parabank.dao.jdbc.JdbcTransactionDao - Getting transaction object for id = -1
12:42:10.427 [main] ERROR com.parasoft.parabank.service.ParaBankServiceImpl - DataAccessException caught :
org.springframework.dao.EmptyResultDataAccessException: Incorrect result size: expected 1, actual 0
	at org.springframework.dao.support.DataAccessUtils.nullableSingleResult(DataAccessUtils.java:194)
	at org.springframework.jdbc.core.JdbcTemplate.queryForObject(JdbcTemplate.java:897)
	at com.parasoft.parabank.dao.jdbc.JdbcTransactionDao.getTransaction(JdbcTransactionDao.java:75)
	at com.parasoft.parabank.domain.logic.impl.BankManagerImpl.getTransaction(BankManagerImpl.java:249)
	at java.base/jdk.internal.reflect.DirectMethodHandleAccessor.invoke(DirectMethodHandleAccessor.java:103)
	at java.base/java.lang.reflect.Method.invoke(Method.java:580)
	at org.springframework.aop.support.AopUtils.invokeJoinpointUsingReflection(AopUtils.java:360)
	at org.springframework.aop.framework.ReflectiveMethodInvocation.invokeJoinpoint(ReflectiveMethodInvocation.java:196)
	at org.springframework.aop.framework.ReflectiveMethodInvocation.proceed(ReflectiveMethodInvocation.java:163)
	at org.springframework.transaction.interceptor.TransactionAspectSupport.invokeWithinTransaction(TransactionAspectSupport.java:380)
	at org.springframework.transaction.interceptor.TransactionInterceptor.invoke(TransactionInterceptor.java:119)
	at org.springframework.aop.framework.ReflectiveMethodInvocation.proceed(ReflectiveMethodInvocation.java:184)
	at org.springframework.aop.interceptor.ExposeInvocationInterceptor.invoke(ExposeInvocationInterceptor.java:97)
	at org.springframework.aop.framework.ReflectiveMethodInvocation.proceed(ReflectiveMethodInvocation.java:184)
	at org.springframework.aop.framework.JdkDynamicAopProxy.invoke(JdkDynamicAopProxy.java:223)
	at jdk.proxy2/jdk.proxy2.$Proxy92.getTransaction(Unknown Source)
	at com.parasoft.parabank.service.ParaBankServiceImpl.getTransaction(ParaBankServiceImpl.java:232)
	at com.parasoft.parabank.service.ParaBankServiceImplTest.testGetTransaction(ParaBankServiceImplTest.java:255)
	at java.base/jdk.internal.reflect.DirectMethodHandleAccessor.invoke(DirectMethodHandleAccessor.java:103)
	at java.base/java.lang.reflect.Method.invoke(Method.java:580)
	at org.junit.runners.model.FrameworkMethod$1.runReflectiveCall(FrameworkMethod.java:59)
	at org.junit.internal.runners.model.ReflectiveCallable.run(ReflectiveCallable.java:12)
	at org.junit.runners.model.FrameworkMethod.invokeExplosively(FrameworkMethod.java:56)
	at org.junit.internal.runners.statements.InvokeMethod.evaluate(InvokeMethod.java:17)
	at org.springframework.test.context.junit4.statements.RunBeforeTestExecutionCallbacks.evaluate(RunBeforeTestExecutionCallbacks.java:76)
	at org.springframework.test.context.junit4.statements.RunAfterTestExecutionCallbacks.evaluate(RunAfterTestExecutionCallbacks.java:84)
	at org.junit.internal.runners.statements.RunBefores.evaluate(RunBefores.java:26)
	at org.springframework.test.context.junit4.statements.RunBeforeTestMethodCallbacks.evaluate(RunBeforeTestMethodCallbacks.java:75)
	at org.junit.internal.runners.statements.RunAfters.evaluate(RunAfters.java:27)
	at org.springframework.test.context.junit4.statements.RunAfterTestMethodCallbacks.evaluate(RunAfterTestMethodCallbacks.java:86)
	at com.github.tomakehurst.wiremock.junit.WireMockRule$1.evaluate(WireMockRule.java:67)
	at org.springframework.test.context.junit4.statements.SpringRepeat.evaluate(SpringRepeat.java:84)
	at org.junit.runners.ParentRunner.runLeaf(ParentRunner.java:366)
	at org.springframework.test.context.junit4.SpringJUnit4ClassRunner.runChild(SpringJUnit4ClassRunner.java:252)
	at org.springframework.test.context.junit4.SpringJUnit4ClassRunner.runChild(SpringJUnit4ClassRunner.java:97)
	at org.junit.runners.ParentRunner$4.run(ParentRunner.java:331)
	at org.junit.runners.ParentRunner$1.schedule(ParentRunner.java:79)
	at org.junit.runners.ParentRunner.runChildren(ParentRunner.java:329)
	at org.junit.runners.ParentRunner.access$100(ParentRunner.java:66)
	at org.junit.runners.ParentRunner$2.evaluate(ParentRunner.java:293)
	at org.junit.internal.runners.statements.RunBefores.evaluate(RunBefores.java:26)
	at org.springframework.test.context.junit4.statements.RunBeforeTestClassCallbacks.evaluate(RunBeforeTestClassCallbacks.java:61)
	at org.junit.internal.runners.statements.RunAfters.evaluate(RunAfters.java:27)
	at org.springframework.test.context.junit4.statements.RunAfterTestClassCallbacks.evaluate(RunAfterTestClassCallbacks.java:70)
	at org.junit.runners.ParentRunner$3.evaluate(ParentRunner.java:306)
	at org.junit.runners.ParentRunner.run(ParentRunner.java:413)
	at org.springframework.test.context.junit4.SpringJUnit4ClassRunner.run(SpringJUnit4ClassRunner.java:191)
	at org.apache.maven.surefire.junit4.JUnit4Provider.execute(JUnit4Provider.java:316)
	at org.apache.maven.surefire.junit4.JUnit4Provider.executeWithRerun(JUnit4Provider.java:240)
	at org.apache.maven.surefire.junit4.JUnit4Provider.executeTestSet(JUnit4Provider.java:214)
	at org.apache.maven.surefire.junit4.JUnit4Provider.invoke(JUnit4Provider.java:155)
	at org.apache.maven.surefire.booter.ForkedBooter.runSuitesInProcess(ForkedBooter.java:385)
	at org.apache.maven.surefire.booter.ForkedBooter.execute(ForkedBooter.java:162)
	at org.apache.maven.surefire.booter.ForkedBooter.run(ForkedBooter.java:507)
	at org.apache.maven.surefire.booter.ForkedBooter.main(ForkedBooter.java:495)
12:42:10.428 [main] INFO  org.eclipse.jetty.server.Server - Stopped Server@44cb66af{STOPPING}[11.0.26,sto=1000]
12:42:10.428 [main] INFO  org.eclipse.jetty.server.Server - Shutdown Server@44cb66af{STOPPING}[11.0.26,sto=1000]
12:42:10.429 [main] INFO  org.eclipse.jetty.server.AbstractConnector - Stopped NetworkTrafficServerConnector@50de1fe5{HTTP/1.1, (http/1.1, h2c)}{0.0.0.0:19089}
12:42:10.429 [main] INFO  org.eclipse.jetty.server.handler.ContextHandler - Stopped o.e.j.s.ServletContextHandler@6f14bc87{/,null,STOPPED}
12:42:10.429 [main] INFO  org.eclipse.jetty.server.handler.ContextHandler - Stopped o.e.j.s.ServletContextHandler@6e5d37c0{/__admin,null,STOPPED}
]]></system-out>
  </testcase>
  <testcase name="testRequestLoan" classname="com.parasoft.parabank.service.ParaBankServiceImplTest" time="0.656">
    <error message="org.springframework.beans.factory.BeanCreationException: Error creating bean with name &apos;org.apache.activemq.xbean.XBeanBrokerService#0&apos; defined in file [D:\VVSS lab 5\parabank\target\classes\applicationContext-jms.xml]: Failed to bind to server socket: tcp://0.0.0.0:61616?transport.daemon=true due to: java.net.BindException: Address already in use: bind" type="java.lang.RuntimeException"><![CDATA[java.lang.RuntimeException: org.springframework.beans.factory.BeanCreationException: Error creating bean with name 'org.apache.activemq.xbean.XBeanBrokerService#0' defined in file [D:\VVSS lab 5\parabank\target\classes\applicationContext-jms.xml]: Failed to bind to server socket: tcp://0.0.0.0:61616?transport.daemon=true due to: java.net.BindException: Address already in use: bind
	at org.apache.cxf.bus.spring.SpringBusFactory.createBus(SpringBusFactory.java:151)
	at org.apache.cxf.bus.spring.SpringBusFactory.createBus(SpringBusFactory.java:122)
	at org.apache.cxf.bus.spring.SpringBusFactory.createBus(SpringBusFactory.java:94)
	at org.apache.cxf.bus.spring.SpringBusFactory.createBus(SpringBusFactory.java:83)
	at org.apache.cxf.BusFactory.getDefaultBus(BusFactory.java:107)
	at org.apache.cxf.BusFactory.createThreadBus(BusFactory.java:243)
	at org.apache.cxf.BusFactory.getThreadDefaultBus(BusFactory.java:227)
	at org.apache.cxf.jaxws.ServiceImpl.initialize(ServiceImpl.java:134)
	at org.apache.cxf.jaxws.ServiceImpl.<init>(ServiceImpl.java:128)
	at org.apache.cxf.jaxws.spi.ProviderImpl.createServiceDelegate(ProviderImpl.java:82)
	at jakarta.xml.ws.Service.<init>(Service.java:82)
	at jakarta.xml.ws.Service.create(Service.java:735)
	at com.parasoft.parabank.messaging.WebServiceLoanProvider.requestLoan(WebServiceLoanProvider.java:104)
	at com.parasoft.parabank.domain.logic.impl.ConfigurableLoanProvider.requestLoan(ConfigurableLoanProvider.java:73)
	at com.parasoft.parabank.domain.logic.impl.BankManagerImpl.requestLoan(BankManagerImpl.java:301)
	at java.base/jdk.internal.reflect.DirectMethodHandleAccessor.invoke(DirectMethodHandleAccessor.java:103)
	at java.base/java.lang.reflect.Method.invoke(Method.java:580)
	at org.springframework.aop.support.AopUtils.invokeJoinpointUsingReflection(AopUtils.java:360)
	at org.springframework.aop.framework.ReflectiveMethodInvocation.invokeJoinpoint(ReflectiveMethodInvocation.java:196)
	at org.springframework.aop.framework.ReflectiveMethodInvocation.proceed(ReflectiveMethodInvocation.java:163)
	at org.springframework.transaction.interceptor.TransactionAspectSupport.invokeWithinTransaction(TransactionAspectSupport.java:380)
	at org.springframework.transaction.interceptor.TransactionInterceptor.invoke(TransactionInterceptor.java:119)
	at org.springframework.aop.framework.ReflectiveMethodInvocation.proceed(ReflectiveMethodInvocation.java:184)
	at org.springframework.aop.interceptor.ExposeInvocationInterceptor.invoke(ExposeInvocationInterceptor.java:97)
	at org.springframework.aop.framework.ReflectiveMethodInvocation.proceed(ReflectiveMethodInvocation.java:184)
	at org.springframework.aop.framework.JdkDynamicAopProxy.invoke(JdkDynamicAopProxy.java:223)
	at jdk.proxy2/jdk.proxy2.$Proxy92.requestLoan(Unknown Source)
	at com.parasoft.parabank.service.ParaBankServiceImpl.requestLoan(ParaBankServiceImpl.java:371)
	at com.parasoft.parabank.service.ParaBankServiceImplTest.testRequestLoan(ParaBankServiceImplTest.java:290)
	at java.base/jdk.internal.reflect.DirectMethodHandleAccessor.invoke(DirectMethodHandleAccessor.java:103)
	at java.base/java.lang.reflect.Method.invoke(Method.java:580)
	at org.junit.runners.model.FrameworkMethod$1.runReflectiveCall(FrameworkMethod.java:59)
	at org.junit.internal.runners.model.ReflectiveCallable.run(ReflectiveCallable.java:12)
	at org.junit.runners.model.FrameworkMethod.invokeExplosively(FrameworkMethod.java:56)
	at org.junit.internal.runners.statements.InvokeMethod.evaluate(InvokeMethod.java:17)
	at org.springframework.test.context.junit4.statements.RunBeforeTestExecutionCallbacks.evaluate(RunBeforeTestExecutionCallbacks.java:76)
	at org.springframework.test.context.junit4.statements.RunAfterTestExecutionCallbacks.evaluate(RunAfterTestExecutionCallbacks.java:84)
	at org.junit.internal.runners.statements.RunBefores.evaluate(RunBefores.java:26)
	at org.springframework.test.context.junit4.statements.RunBeforeTestMethodCallbacks.evaluate(RunBeforeTestMethodCallbacks.java:75)
	at org.junit.internal.runners.statements.RunAfters.evaluate(RunAfters.java:27)
	at org.springframework.test.context.junit4.statements.RunAfterTestMethodCallbacks.evaluate(RunAfterTestMethodCallbacks.java:86)
	at com.github.tomakehurst.wiremock.junit.WireMockRule$1.evaluate(WireMockRule.java:67)
	at org.springframework.test.context.junit4.statements.SpringRepeat.evaluate(SpringRepeat.java:84)
	at org.junit.runners.ParentRunner.runLeaf(ParentRunner.java:366)
	at org.springframework.test.context.junit4.SpringJUnit4ClassRunner.runChild(SpringJUnit4ClassRunner.java:252)
	at org.springframework.test.context.junit4.SpringJUnit4ClassRunner.runChild(SpringJUnit4ClassRunner.java:97)
	at org.junit.runners.ParentRunner$4.run(ParentRunner.java:331)
	at org.junit.runners.ParentRunner$1.schedule(ParentRunner.java:79)
	at org.junit.runners.ParentRunner.runChildren(ParentRunner.java:329)
	at org.junit.runners.ParentRunner.access$100(ParentRunner.java:66)
	at org.junit.runners.ParentRunner$2.evaluate(ParentRunner.java:293)
	at org.junit.internal.runners.statements.RunBefores.evaluate(RunBefores.java:26)
	at org.springframework.test.context.junit4.statements.RunBeforeTestClassCallbacks.evaluate(RunBeforeTestClassCallbacks.java:61)
	at org.junit.internal.runners.statements.RunAfters.evaluate(RunAfters.java:27)
	at org.springframework.test.context.junit4.statements.RunAfterTestClassCallbacks.evaluate(RunAfterTestClassCallbacks.java:70)
	at org.junit.runners.ParentRunner$3.evaluate(ParentRunner.java:306)
	at org.junit.runners.ParentRunner.run(ParentRunner.java:413)
	at org.springframework.test.context.junit4.SpringJUnit4ClassRunner.run(SpringJUnit4ClassRunner.java:191)
	at org.apache.maven.surefire.junit4.JUnit4Provider.execute(JUnit4Provider.java:316)
	at org.apache.maven.surefire.junit4.JUnit4Provider.executeWithRerun(JUnit4Provider.java:240)
	at org.apache.maven.surefire.junit4.JUnit4Provider.executeTestSet(JUnit4Provider.java:214)
	at org.apache.maven.surefire.junit4.JUnit4Provider.invoke(JUnit4Provider.java:155)
	at org.apache.maven.surefire.booter.ForkedBooter.runSuitesInProcess(ForkedBooter.java:385)
	at org.apache.maven.surefire.booter.ForkedBooter.execute(ForkedBooter.java:162)
	at org.apache.maven.surefire.booter.ForkedBooter.run(ForkedBooter.java:507)
	at org.apache.maven.surefire.booter.ForkedBooter.main(ForkedBooter.java:495)
Caused by: org.springframework.beans.factory.BeanCreationException: Error creating bean with name 'org.apache.activemq.xbean.XBeanBrokerService#0' defined in file [D:\VVSS lab 5\parabank\target\classes\applicationContext-jms.xml]: Failed to bind to server socket: tcp://0.0.0.0:61616?transport.daemon=true due to: java.net.BindException: Address already in use: bind
	at org.springframework.beans.factory.support.AbstractAutowireCapableBeanFactory.initializeBean(AbstractAutowireCapableBeanFactory.java:1826)
	at org.springframework.beans.factory.support.AbstractAutowireCapableBeanFactory.doCreateBean(AbstractAutowireCapableBeanFactory.java:607)
	at org.springframework.beans.factory.support.AbstractAutowireCapableBeanFactory.createBean(AbstractAutowireCapableBeanFactory.java:529)
	at org.springframework.beans.factory.support.AbstractBeanFactory.lambda$doGetBean$0(AbstractBeanFactory.java:339)
	at org.springframework.beans.factory.support.DefaultSingletonBeanRegistry.getSingleton(DefaultSingletonBeanRegistry.java:373)
	at org.springframework.beans.factory.support.AbstractBeanFactory.doGetBean(AbstractBeanFactory.java:337)
	at org.springframework.beans.factory.support.AbstractBeanFactory.getBean(AbstractBeanFactory.java:202)
	at org.springframework.beans.factory.support.DefaultListableBeanFactory.instantiateSingleton(DefaultListableBeanFactory.java:1228)
	at org.springframework.beans.factory.support.DefaultListableBeanFactory.preInstantiateSingleton(DefaultListableBeanFactory.java:1194)
	at org.springframework.beans.factory.support.DefaultListableBeanFactory.preInstantiateSingletons(DefaultListableBeanFactory.java:1130)
	at org.springframework.context.support.AbstractApplicationContext.finishBeanFactoryInitialization(AbstractApplicationContext.java:991)
	at org.springframework.context.support.AbstractApplicationContext.refresh(AbstractApplicationContext.java:628)
	at org.apache.cxf.bus.spring.BusApplicationContext$1.run(BusApplicationContext.java:107)
	at org.apache.cxf.bus.spring.BusApplicationContext$1.run(BusApplicationContext.java:105)
	at java.base/java.security.AccessController.doPrivileged(AccessController.java:571)
	at org.apache.cxf.bus.spring.BusApplicationContext.<init>(BusApplicationContext.java:105)
	at org.apache.cxf.bus.spring.SpringBusFactory.createApplicationContext(SpringBusFactory.java:157)
	at org.apache.cxf.bus.spring.SpringBusFactory.createBus(SpringBusFactory.java:148)
	... 65 more
Caused by: java.io.IOException: Failed to bind to server socket: tcp://0.0.0.0:61616?transport.daemon=true due to: java.net.BindException: Address already in use: bind
	at org.apache.activemq.util.IOExceptionSupport.create(IOExceptionSupport.java:36)
	at org.apache.activemq.transport.tcp.TcpTransportServer.bind(TcpTransportServer.java:148)
	at org.apache.activemq.transport.tcp.TcpTransportFactory.doBind(TcpTransportFactory.java:62)
	at org.apache.activemq.transport.TransportFactorySupport.bind(TransportFactorySupport.java:40)
	at org.apache.activemq.broker.TransportConnector.createTransportServer(TransportConnector.java:351)
	at org.apache.activemq.broker.TransportConnector.getServer(TransportConnector.java:150)
	at org.apache.activemq.broker.TransportConnector.start(TransportConnector.java:226)
	at org.apache.activemq.broker.BrokerService.startTransportConnector(BrokerService.java:2759)
	at org.apache.activemq.broker.BrokerService.startAllConnectors(BrokerService.java:2643)
	at org.apache.activemq.broker.BrokerService.doStartBroker(BrokerService.java:770)
	at org.apache.activemq.broker.BrokerService.startBroker(BrokerService.java:732)
	at org.apache.activemq.broker.BrokerService.start(BrokerService.java:630)
	at org.apache.activemq.xbean.XBeanBrokerService.afterPropertiesSet(XBeanBrokerService.java:73)
	at java.base/jdk.internal.reflect.DirectMethodHandleAccessor.invoke(DirectMethodHandleAccessor.java:103)
	at java.base/java.lang.reflect.Method.invoke(Method.java:580)
	at org.springframework.beans.factory.support.AbstractAutowireCapableBeanFactory.invokeCustomInitMethod(AbstractAutowireCapableBeanFactory.java:1930)
	at org.springframework.beans.factory.support.AbstractAutowireCapableBeanFactory.invokeInitMethods(AbstractAutowireCapableBeanFactory.java:1883)
	at org.springframework.beans.factory.support.AbstractAutowireCapableBeanFactory.initializeBean(AbstractAutowireCapableBeanFactory.java:1822)
	... 82 more
Caused by: java.net.BindException: Address already in use: bind
	at java.base/sun.nio.ch.Net.bind0(Native Method)
	at java.base/sun.nio.ch.Net.bind(Net.java:565)
	at java.base/sun.nio.ch.Net.bind(Net.java:554)
	at java.base/sun.nio.ch.NioSocketImpl.bind(NioSocketImpl.java:636)
	at java.base/java.net.ServerSocket.bind(ServerSocket.java:391)
	at java.base/java.net.ServerSocket.<init>(ServerSocket.java:278)
	at java.base/javax.net.DefaultServerSocketFactory.createServerSocket(ServerSocketFactory.java:231)
	at org.apache.activemq.transport.tcp.TcpTransportServer.bind(TcpTransportServer.java:145)
	... 98 more
]]></error>
    <system-out><![CDATA[12:42:10.433 [main] INFO  org.eclipse.jetty.server.Server - jetty-11.0.26; built: 2025-08-14T18:03:14.457Z; git: 7559873b6e46eea7c2c6da2b58327ea2ecf941f4; jvm 21.0.8+12-LTS-250
12:42:10.434 [main] INFO  org.eclipse.jetty.server.handler.ContextHandler - Started o.e.j.s.ServletContextHandler@354de44{/__admin,null,AVAILABLE}
12:42:10.434 [main] INFO  org.eclipse.jetty.server.handler.ContextHandler.ROOT - RequestHandlerClass from context returned com.github.tomakehurst.wiremock.http.StubRequestHandler. Normalized mapped under returned 'null'
12:42:10.434 [main] INFO  org.eclipse.jetty.server.handler.ContextHandler - Started o.e.j.s.ServletContextHandler@3093c41f{/,null,AVAILABLE}
12:42:10.437 [main] INFO  org.eclipse.jetty.server.AbstractConnector - Started NetworkTrafficServerConnector@b484c37{HTTP/1.1, (http/1.1, h2c)}{0.0.0.0:19089}
12:42:10.437 [main] INFO  org.eclipse.jetty.server.Server - Started Server@6c4de249{STARTING}[11.0.26,sto=1000] @32355ms
12:42:10.545 [qtp266110766-810] INFO  org.eclipse.jetty.server.handler.ContextHandler.__admin - RequestHandlerClass from context returned com.github.tomakehurst.wiremock.http.AdminRequestHandler. Normalized mapped under returned 'null'
12:42:10.546 [main] INFO  com.parasoft.parabank.test.util.AbstractParaBankDataSourceTest - loaded requestLoan mock for wsdl
12:42:10.547 [main] INFO  com.parasoft.parabank.test.util.AbstractParaBankDataSourceTest - loaded requestLoan mock for 10.00
12:42:10.548 [main] INFO  com.parasoft.parabank.test.util.AbstractParaBankDataSourceTest - loaded requestLoan mock for 100.00
12:42:10.549 [main] INFO  com.parasoft.parabank.test.util.AbstractParaBankDataSourceTest - loaded requestLoan mock for 1000.00
12:42:10.550 [main] INFO  com.parasoft.parabank.test.util.AbstractParaBankDataSourceTest - loaded requestLoan mock for 10000.00
12:42:10.553 [main] INFO  com.parasoft.parabank.dao.jdbc.JdbcAccountDao - Retrieved 11 accounts for customerId = 12212
12:42:10.553 [main] INFO  com.parasoft.parabank.domain.logic.impl.BankManagerImpl - Submitting loan request for customer with id = 12212 in the amount of $100.00 at Tue May 19 12:42:10 EEST 2026
12:42:10.558 [main] INFO  org.apache.cxf.bus.spring.BusApplicationContext - Loaded configuration file cxf.xml.
12:42:11.081 [main] WARN  org.apache.cxf.bus.spring.BusApplicationContext - Exception encountered during context initialization - cancelling refresh attempt: org.springframework.beans.factory.BeanCreationException: Error creating bean with name 'org.apache.activemq.xbean.XBeanBrokerService#0' defined in file [D:\VVSS lab 5\parabank\target\classes\applicationContext-jms.xml]: Failed to bind to server socket: tcp://0.0.0.0:61616?transport.daemon=true due to: java.net.BindException: Address already in use: bind
12:42:11.082 [main] WARN  org.apache.cxf.bus.spring.SpringBusFactory - Initial attempt to create application context was unsuccessful.
org.springframework.beans.factory.BeanCreationException: Error creating bean with name 'org.apache.activemq.xbean.XBeanBrokerService#0' defined in file [D:\VVSS lab 5\parabank\target\classes\applicationContext-jms.xml]: Failed to bind to server socket: tcp://0.0.0.0:61616?transport.daemon=true due to: java.net.BindException: Address already in use: bind
	at org.springframework.beans.factory.support.AbstractAutowireCapableBeanFactory.initializeBean(AbstractAutowireCapableBeanFactory.java:1826)
	at org.springframework.beans.factory.support.AbstractAutowireCapableBeanFactory.doCreateBean(AbstractAutowireCapableBeanFactory.java:607)
	at org.springframework.beans.factory.support.AbstractAutowireCapableBeanFactory.createBean(AbstractAutowireCapableBeanFactory.java:529)
	at org.springframework.beans.factory.support.AbstractBeanFactory.lambda$doGetBean$0(AbstractBeanFactory.java:339)
	at org.springframework.beans.factory.support.DefaultSingletonBeanRegistry.getSingleton(DefaultSingletonBeanRegistry.java:373)
	at org.springframework.beans.factory.support.AbstractBeanFactory.doGetBean(AbstractBeanFactory.java:337)
	at org.springframework.beans.factory.support.AbstractBeanFactory.getBean(AbstractBeanFactory.java:202)
	at org.springframework.beans.factory.support.DefaultListableBeanFactory.instantiateSingleton(DefaultListableBeanFactory.java:1228)
	at org.springframework.beans.factory.support.DefaultListableBeanFactory.preInstantiateSingleton(DefaultListableBeanFactory.java:1194)
	at org.springframework.beans.factory.support.DefaultListableBeanFactory.preInstantiateSingletons(DefaultListableBeanFactory.java:1130)
	at org.springframework.context.support.AbstractApplicationContext.finishBeanFactoryInitialization(AbstractApplicationContext.java:991)
	at org.springframework.context.support.AbstractApplicationContext.refresh(AbstractApplicationContext.java:628)
	at org.apache.cxf.bus.spring.BusApplicationContext$1.run(BusApplicationContext.java:107)
	at org.apache.cxf.bus.spring.BusApplicationContext$1.run(BusApplicationContext.java:105)
	at java.base/java.security.AccessController.doPrivileged(AccessController.java:571)
	at org.apache.cxf.bus.spring.BusApplicationContext.<init>(BusApplicationContext.java:105)
	at org.apache.cxf.bus.spring.SpringBusFactory.createApplicationContext(SpringBusFactory.java:157)
	at org.apache.cxf.bus.spring.SpringBusFactory.createBus(SpringBusFactory.java:148)
	at org.apache.cxf.bus.spring.SpringBusFactory.createBus(SpringBusFactory.java:122)
	at org.apache.cxf.bus.spring.SpringBusFactory.createBus(SpringBusFactory.java:94)
	at org.apache.cxf.bus.spring.SpringBusFactory.createBus(SpringBusFactory.java:83)
	at org.apache.cxf.BusFactory.getDefaultBus(BusFactory.java:107)
	at org.apache.cxf.BusFactory.createThreadBus(BusFactory.java:243)
[...]
	at org.junit.runners.ParentRunner$2.evaluate(ParentRunner.java:293)
	at org.junit.internal.runners.statements.RunBefores.evaluate(RunBefores.java:26)
	at org.springframework.test.context.junit4.statements.RunBeforeTestClassCallbacks.evaluate(RunBeforeTestClassCallbacks.java:61)
	at org.junit.internal.runners.statements.RunAfters.evaluate(RunAfters.java:27)
	at org.springframework.test.context.junit4.statements.RunAfterTestClassCallbacks.evaluate(RunAfterTestClassCallbacks.java:70)
	at org.junit.runners.ParentRunner$3.evaluate(ParentRunner.java:306)
	at org.junit.runners.ParentRunner.run(ParentRunner.java:413)
	at org.springframework.test.context.junit4.SpringJUnit4ClassRunner.run(SpringJUnit4ClassRunner.java:191)
	at org.apache.maven.surefire.junit4.JUnit4Provider.execute(JUnit4Provider.java:316)
	at org.apache.maven.surefire.junit4.JUnit4Provider.executeWithRerun(JUnit4Provider.java:240)
	at org.apache.maven.surefire.junit4.JUnit4Provider.executeTestSet(JUnit4Provider.java:214)
	at org.apache.maven.surefire.junit4.JUnit4Provider.invoke(JUnit4Provider.java:155)
	at org.apache.maven.surefire.booter.ForkedBooter.runSuitesInProcess(ForkedBooter.java:385)
	at org.apache.maven.surefire.booter.ForkedBooter.execute(ForkedBooter.java:162)
	at org.apache.maven.surefire.booter.ForkedBooter.run(ForkedBooter.java:507)
	at org.apache.maven.surefire.booter.ForkedBooter.main(ForkedBooter.java:495)
12:42:11.504 [main] INFO  org.eclipse.jetty.server.Server - Stopped Server@3108f0a3{STOPPING}[11.0.26,sto=1000]
12:42:11.504 [main] INFO  org.eclipse.jetty.server.Server - Shutdown Server@3108f0a3{STOPPING}[11.0.26,sto=1000]
12:42:11.505 [main] INFO  org.eclipse.jetty.server.AbstractConnector - Stopped NetworkTrafficServerConnector@662c09f6{HTTP/1.1, (http/1.1, h2c)}{0.0.0.0:19089}
12:42:11.505 [main] INFO  org.eclipse.jetty.server.handler.ContextHandler - Stopped o.e.j.s.ServletContextHandler@4926023f{/,null,STOPPED}
12:42:11.505 [main] INFO  org.eclipse.jetty.server.handler.ContextHandler - Stopped o.e.j.s.ServletContextHandler@439be00{/__admin,null,STOPPED}
]]></system-out>
  </testcase>
  <testcase name="testTransfer" classname="com.parasoft.parabank.service.ParaBankServiceImplTest" time="0.131">
    <system-out><![CDATA[12:42:11.511 [main] INFO  org.eclipse.jetty.server.Server - jetty-11.0.26; built: 2025-08-14T18:03:14.457Z; git: 7559873b6e46eea7c2c6da2b58327ea2ecf941f4; jvm 21.0.8+12-LTS-250
12:42:11.513 [main] INFO  org.eclipse.jetty.server.handler.ContextHandler - Started o.e.j.s.ServletContextHandler@7124d407{/__admin,null,AVAILABLE}
12:42:11.513 [main] INFO  org.eclipse.jetty.server.handler.ContextHandler.ROOT - RequestHandlerClass from context returned com.github.tomakehurst.wiremock.http.StubRequestHandler. Normalized mapped under returned 'null'
12:42:11.513 [main] INFO  org.eclipse.jetty.server.handler.ContextHandler - Started o.e.j.s.ServletContextHandler@6c56e004{/,null,AVAILABLE}
12:42:11.516 [main] INFO  org.eclipse.jetty.server.AbstractConnector - Started NetworkTrafficServerConnector@549bae75{HTTP/1.1, (http/1.1, h2c)}{0.0.0.0:19089}
12:42:11.516 [main] INFO  org.eclipse.jetty.server.Server - Started Server@34d5bd2f{STARTING}[11.0.26,sto=1000] @33434ms
12:42:11.622 [qtp1340093201-852] INFO  org.eclipse.jetty.server.handler.ContextHandler.__admin - RequestHandlerClass from context returned com.github.tomakehurst.wiremock.http.AdminRequestHandler. Normalized mapped under returned 'null'
12:42:11.623 [main] INFO  com.parasoft.parabank.test.util.AbstractParaBankDataSourceTest - loaded requestLoan mock for wsdl
12:42:11.624 [main] INFO  com.parasoft.parabank.test.util.AbstractParaBankDataSourceTest - loaded requestLoan mock for 10.00
12:42:11.625 [main] INFO  com.parasoft.parabank.test.util.AbstractParaBankDataSourceTest - loaded requestLoan mock for 100.00
12:42:11.626 [main] INFO  com.parasoft.parabank.test.util.AbstractParaBankDataSourceTest - loaded requestLoan mock for 1000.00
12:42:11.627 [main] INFO  com.parasoft.parabank.test.util.AbstractParaBankDataSourceTest - loaded requestLoan mock for 10000.00
12:42:11.629 [main] INFO  com.parasoft.parabank.dao.jdbc.JdbcAccountDao - Getting account object for id = 12345
12:42:11.631 [main] INFO  com.parasoft.parabank.dao.jdbc.JdbcAccountDao - Updated information for account with id = 12345
12:42:11.631 [main] INFO  com.parasoft.parabank.domain.logic.impl.BankManagerImpl - Debited account with id = 12345 in the amount of 100.00
12:42:11.633 [main] INFO  com.parasoft.parabank.dao.jdbc.JdbcTransactionDao - Created new transaction with id = 14476
12:42:11.633 [main] INFO  com.parasoft.parabank.domain.logic.impl.BankManagerImpl - Created debit transaction with id = 14476 with description: Funds Transfer Sent
12:42:11.633 [main] INFO  com.parasoft.parabank.dao.jdbc.JdbcAccountDao - Getting account object for id = 54321
12:42:11.635 [main] INFO  com.parasoft.parabank.dao.jdbc.JdbcAccountDao - Updated information for account with id = 54321
12:42:11.635 [main] INFO  com.parasoft.parabank.domain.logic.impl.BankManagerImpl - Credited account with id = 54321 in the amount of 100.00
12:42:11.637 [main] INFO  com.parasoft.parabank.dao.jdbc.JdbcTransactionDao - Created new transaction with id = 14587
12:42:11.637 [main] INFO  com.parasoft.parabank.domain.logic.impl.BankManagerImpl - Created credit transaction with id = 14587 with description: Funds Transfer Received
12:42:11.637 [main] INFO  com.parasoft.parabank.dao.jdbc.JdbcAccountDao - Getting account object for id = -1
12:42:11.638 [main] ERROR com.parasoft.parabank.service.ParaBankServiceImpl - DataAccessException caught :
org.springframework.dao.EmptyResultDataAccessException: Incorrect result size: expected 1, actual 0
	at org.springframework.dao.support.DataAccessUtils.nullableSingleResult(DataAccessUtils.java:194)
	at org.springframework.jdbc.core.JdbcTemplate.queryForObject(JdbcTemplate.java:897)
	at com.parasoft.parabank.dao.jdbc.JdbcAccountDao.getAccount(JdbcAccountDao.java:107)
	at com.parasoft.parabank.domain.logic.impl.BankManagerImpl.withdraw(BankManagerImpl.java:409)
	at com.parasoft.parabank.domain.logic.impl.BankManagerImpl.transfer(BankManagerImpl.java:376)
	at java.base/jdk.internal.reflect.DirectMethodHandleAccessor.invoke(DirectMethodHandleAccessor.java:103)
	at java.base/java.lang.reflect.Method.invoke(Method.java:580)
	at org.springframework.aop.support.AopUtils.invokeJoinpointUsingReflection(AopUtils.java:360)
	at org.springframework.aop.framework.ReflectiveMethodInvocation.invokeJoinpoint(ReflectiveMethodInvocation.java:196)
	at org.springframework.aop.framework.ReflectiveMethodInvocation.proceed(ReflectiveMethodInvocation.java:163)
	at org.springframework.transaction.interceptor.TransactionAspectSupport.invokeWithinTransaction(TransactionAspectSupport.java:380)
	at org.springframework.transaction.interceptor.TransactionInterceptor.invoke(TransactionInterceptor.java:119)
	at org.springframework.aop.framework.ReflectiveMethodInvocation.proceed(ReflectiveMethodInvocation.java:184)
	at org.springframework.aop.interceptor.ExposeInvocationInterceptor.invoke(ExposeInvocationInterceptor.java:97)
	at org.springframework.aop.framework.ReflectiveMethodInvocation.proceed(ReflectiveMethodInvocation.java:184)
	at org.springframework.aop.framework.JdkDynamicAopProxy.invoke(JdkDynamicAopProxy.java:223)
	at jdk.proxy2/jdk.proxy2.$Proxy92.transfer(Unknown Source)
	at com.parasoft.parabank.service.ParaBankServiceImpl.transfer(ParaBankServiceImpl.java:447)
	at com.parasoft.parabank.service.ParaBankServiceImplTest.testTransfer(ParaBankServiceImplTest.java:310)
	at java.base/jdk.internal.reflect.DirectMethodHandleAccessor.invoke(DirectMethodHandleAccessor.java:103)
	at java.base/java.lang.reflect.Method.invoke(Method.java:580)
	at org.junit.runners.model.FrameworkMethod$1.runReflectiveCall(FrameworkMethod.java:59)
	at org.junit.internal.runners.model.ReflectiveCallable.run(ReflectiveCallable.java:12)
	at org.junit.runners.model.FrameworkMethod.invokeExplosively(FrameworkMethod.java:56)
	at org.junit.internal.runners.statements.InvokeMethod.evaluate(InvokeMethod.java:17)
	at org.springframework.test.context.junit4.statements.RunBeforeTestExecutionCallbacks.evaluate(RunBeforeTestExecutionCallbacks.java:76)
	at org.springframework.test.context.junit4.statements.RunAfterTestExecutionCallbacks.evaluate(RunAfterTestExecutionCallbacks.java:84)
	at org.junit.internal.runners.statements.RunBefores.evaluate(RunBefores.java:26)
	at org.springframework.test.context.junit4.statements.RunBeforeTestMethodCallbacks.evaluate(RunBeforeTestMethodCallbacks.java:75)
	at org.junit.internal.runners.statements.RunAfters.evaluate(RunAfters.java:27)
	at org.springframework.test.context.junit4.statements.RunAfterTestMethodCallbacks.evaluate(RunAfterTestMethodCallbacks.java:86)
	at com.github.tomakehurst.wiremock.junit.WireMockRule$1.evaluate(WireMockRule.java:67)
	at org.springframework.test.context.junit4.statements.SpringRepeat.evaluate(SpringRepeat.java:84)
	at org.junit.runners.ParentRunner.runLeaf(ParentRunner.java:366)
	at org.springframework.test.context.junit4.SpringJUnit4ClassRunner.runChild(SpringJUnit4ClassRunner.java:252)
	at org.springframework.test.context.junit4.SpringJUnit4ClassRunner.runChild(SpringJUnit4ClassRunner.java:97)
	at org.junit.runners.ParentRunner$4.run(ParentRunner.java:331)
	at org.junit.runners.ParentRunner$1.schedule(ParentRunner.java:79)
	at org.junit.runners.ParentRunner.runChildren(ParentRunner.java:329)
	at org.junit.runners.ParentRunner.access$100(ParentRunner.java:66)
	at org.junit.runners.ParentRunner$2.evaluate(ParentRunner.java:293)
	at org.junit.internal.runners.statements.RunBefores.evaluate(RunBefores.java:26)
	at org.springframework.test.context.junit4.statements.RunBeforeTestClassCallbacks.evaluate(RunBeforeTestClassCallbacks.java:61)
	at org.junit.internal.runners.statements.RunAfters.evaluate(RunAfters.java:27)
	at org.springframework.test.context.junit4.statements.RunAfterTestClassCallbacks.evaluate(RunAfterTestClassCallbacks.java:70)
	at org.junit.runners.ParentRunner$3.evaluate(ParentRunner.java:306)
	at org.junit.runners.ParentRunner.run(ParentRunner.java:413)
	at org.springframework.test.context.junit4.SpringJUnit4ClassRunner.run(SpringJUnit4ClassRunner.java:191)
	at org.apache.maven.surefire.junit4.JUnit4Provider.execute(JUnit4Provider.java:316)
	at org.apache.maven.surefire.junit4.JUnit4Provider.executeWithRerun(JUnit4Provider.java:240)
	at org.apache.maven.surefire.junit4.JUnit4Provider.executeTestSet(JUnit4Provider.java:214)
	at org.apache.maven.surefire.junit4.JUnit4Provider.invoke(JUnit4Provider.java:155)
	at org.apache.maven.surefire.booter.ForkedBooter.runSuitesInProcess(ForkedBooter.java:385)
	at org.apache.maven.surefire.booter.ForkedBooter.execute(ForkedBooter.java:162)
	at org.apache.maven.surefire.booter.ForkedBooter.run(ForkedBooter.java:507)
	at org.apache.maven.surefire.booter.ForkedBooter.main(ForkedBooter.java:495)
12:42:11.639 [main] INFO  org.eclipse.jetty.server.Server - Stopped Server@34d5bd2f{STOPPING}[11.0.26,sto=1000]
12:42:11.639 [main] INFO  org.eclipse.jetty.server.Server - Shutdown Server@34d5bd2f{STOPPING}[11.0.26,sto=1000]
12:42:11.640 [main] INFO  org.eclipse.jetty.server.AbstractConnector - Stopped NetworkTrafficServerConnector@549bae75{HTTP/1.1, (http/1.1, h2c)}{0.0.0.0:19089}
12:42:11.640 [main] INFO  org.eclipse.jetty.server.handler.ContextHandler - Stopped o.e.j.s.ServletContextHandler@6c56e004{/,null,STOPPED}
12:42:11.640 [main] INFO  org.eclipse.jetty.server.handler.ContextHandler - Stopped o.e.j.s.ServletContextHandler@7124d407{/__admin,null,STOPPED}
]]></system-out>
  </testcase>
  <testcase name="testGetCustomer" classname="com.parasoft.parabank.service.ParaBankServiceImplTest" time="0.124">
    <system-out><![CDATA[12:42:11.644 [main] INFO  org.eclipse.jetty.server.Server - jetty-11.0.26; built: 2025-08-14T18:03:14.457Z; git: 7559873b6e46eea7c2c6da2b58327ea2ecf941f4; jvm 21.0.8+12-LTS-250
12:42:11.646 [main] INFO  org.eclipse.jetty.server.handler.ContextHandler - Started o.e.j.s.ServletContextHandler@19c22d23{/__admin,null,AVAILABLE}
12:42:11.646 [main] INFO  org.eclipse.jetty.server.handler.ContextHandler.ROOT - RequestHandlerClass from context returned com.github.tomakehurst.wiremock.http.StubRequestHandler. Normalized mapped under returned 'null'
12:42:11.646 [main] INFO  org.eclipse.jetty.server.handler.ContextHandler - Started o.e.j.s.ServletContextHandler@5f850405{/,null,AVAILABLE}
12:42:11.648 [main] INFO  org.eclipse.jetty.server.AbstractConnector - Started NetworkTrafficServerConnector@249e3cb2{HTTP/1.1, (http/1.1, h2c)}{0.0.0.0:19089}
12:42:11.649 [main] INFO  org.eclipse.jetty.server.Server - Started Server@7928e5ce{STARTING}[11.0.26,sto=1000] @33566ms
12:42:11.756 [qtp1385319452-862] INFO  org.eclipse.jetty.server.handler.ContextHandler.__admin - RequestHandlerClass from context returned com.github.tomakehurst.wiremock.http.AdminRequestHandler. Normalized mapped under returned 'null'
12:42:11.758 [main] INFO  com.parasoft.parabank.test.util.AbstractParaBankDataSourceTest - loaded requestLoan mock for wsdl
12:42:11.759 [main] INFO  com.parasoft.parabank.test.util.AbstractParaBankDataSourceTest - loaded requestLoan mock for 10.00
12:42:11.760 [main] INFO  com.parasoft.parabank.test.util.AbstractParaBankDataSourceTest - loaded requestLoan mock for 100.00
12:42:11.761 [main] INFO  com.parasoft.parabank.test.util.AbstractParaBankDataSourceTest - loaded requestLoan mock for 1000.00
12:42:11.763 [main] INFO  com.parasoft.parabank.test.util.AbstractParaBankDataSourceTest - loaded requestLoan mock for 10000.00
12:42:11.763 [main] INFO  com.parasoft.parabank.dao.jdbc.JdbcCustomerDao - Getting customer object for id = 12212
12:42:11.764 [main] INFO  com.parasoft.parabank.dao.jdbc.JdbcCustomerDao - Getting customer object for id = -1
12:42:11.765 [main] ERROR com.parasoft.parabank.service.ParaBankServiceImpl - DataAccessException caught :
org.springframework.dao.EmptyResultDataAccessException: Incorrect result size: expected 1, actual 0
	at org.springframework.dao.support.DataAccessUtils.nullableSingleResult(DataAccessUtils.java:194)
	at org.springframework.jdbc.core.JdbcTemplate.queryForObject(JdbcTemplate.java:897)
	at com.parasoft.parabank.dao.jdbc.JdbcCustomerDao.getCustomer(JdbcCustomerDao.java:81)
	at com.parasoft.parabank.domain.logic.impl.BankManagerImpl.getCustomer(BankManagerImpl.java:185)
	at java.base/jdk.internal.reflect.DirectMethodHandleAccessor.invoke(DirectMethodHandleAccessor.java:103)
	at java.base/java.lang.reflect.Method.invoke(Method.java:580)
	at org.springframework.aop.support.AopUtils.invokeJoinpointUsingReflection(AopUtils.java:360)
	at org.springframework.aop.framework.ReflectiveMethodInvocation.invokeJoinpoint(ReflectiveMethodInvocation.java:196)
	at org.springframework.aop.framework.ReflectiveMethodInvocation.proceed(ReflectiveMethodInvocation.java:163)
	at org.springframework.transaction.interceptor.TransactionAspectSupport.invokeWithinTransaction(TransactionAspectSupport.java:380)
	at org.springframework.transaction.interceptor.TransactionInterceptor.invoke(TransactionInterceptor.java:119)
	at org.springframework.aop.framework.ReflectiveMethodInvocation.proceed(ReflectiveMethodInvocation.java:184)
	at org.springframework.aop.interceptor.ExposeInvocationInterceptor.invoke(ExposeInvocationInterceptor.java:97)
	at org.springframework.aop.framework.ReflectiveMethodInvocation.proceed(ReflectiveMethodInvocation.java:184)
	at org.springframework.aop.framework.JdkDynamicAopProxy.invoke(JdkDynamicAopProxy.java:223)
	at jdk.proxy2/jdk.proxy2.$Proxy92.getCustomer(Unknown Source)
	at com.parasoft.parabank.service.ParaBankServiceImpl.getCustomer(ParaBankServiceImpl.java:169)
	at com.parasoft.parabank.service.ParaBankServiceImplTest.testGetCustomer(ParaBankServiceImplTest.java:201)
	at java.base/jdk.internal.reflect.DirectMethodHandleAccessor.invoke(DirectMethodHandleAccessor.java:103)
	at java.base/java.lang.reflect.Method.invoke(Method.java:580)
	at org.junit.runners.model.FrameworkMethod$1.runReflectiveCall(FrameworkMethod.java:59)
	at org.junit.internal.runners.model.ReflectiveCallable.run(ReflectiveCallable.java:12)
	at org.junit.runners.model.FrameworkMethod.invokeExplosively(FrameworkMethod.java:56)
	at org.junit.internal.runners.statements.InvokeMethod.evaluate(InvokeMethod.java:17)
	at org.springframework.test.context.junit4.statements.RunBeforeTestExecutionCallbacks.evaluate(RunBeforeTestExecutionCallbacks.java:76)
	at org.springframework.test.context.junit4.statements.RunAfterTestExecutionCallbacks.evaluate(RunAfterTestExecutionCallbacks.java:84)
	at org.junit.internal.runners.statements.RunBefores.evaluate(RunBefores.java:26)
	at org.springframework.test.context.junit4.statements.RunBeforeTestMethodCallbacks.evaluate(RunBeforeTestMethodCallbacks.java:75)
	at org.junit.internal.runners.statements.RunAfters.evaluate(RunAfters.java:27)
	at org.springframework.test.context.junit4.statements.RunAfterTestMethodCallbacks.evaluate(RunAfterTestMethodCallbacks.java:86)
	at com.github.tomakehurst.wiremock.junit.WireMockRule$1.evaluate(WireMockRule.java:67)
	at org.springframework.test.context.junit4.statements.SpringRepeat.evaluate(SpringRepeat.java:84)
	at org.junit.runners.ParentRunner.runLeaf(ParentRunner.java:366)
	at org.springframework.test.context.junit4.SpringJUnit4ClassRunner.runChild(SpringJUnit4ClassRunner.java:252)
	at org.springframework.test.context.junit4.SpringJUnit4ClassRunner.runChild(SpringJUnit4ClassRunner.java:97)
	at org.junit.runners.ParentRunner$4.run(ParentRunner.java:331)
	at org.junit.runners.ParentRunner$1.schedule(ParentRunner.java:79)
	at org.junit.runners.ParentRunner.runChildren(ParentRunner.java:329)
	at org.junit.runners.ParentRunner.access$100(ParentRunner.java:66)
	at org.junit.runners.ParentRunner$2.evaluate(ParentRunner.java:293)
	at org.junit.internal.runners.statements.RunBefores.evaluate(RunBefores.java:26)
	at org.springframework.test.context.junit4.statements.RunBeforeTestClassCallbacks.evaluate(RunBeforeTestClassCallbacks.java:61)
	at org.junit.internal.runners.statements.RunAfters.evaluate(RunAfters.java:27)
	at org.springframework.test.context.junit4.statements.RunAfterTestClassCallbacks.evaluate(RunAfterTestClassCallbacks.java:70)
	at org.junit.runners.ParentRunner$3.evaluate(ParentRunner.java:306)
	at org.junit.runners.ParentRunner.run(ParentRunner.java:413)
	at org.springframework.test.context.junit4.SpringJUnit4ClassRunner.run(SpringJUnit4ClassRunner.java:191)
	at org.apache.maven.surefire.junit4.JUnit4Provider.execute(JUnit4Provider.java:316)
	at org.apache.maven.surefire.junit4.JUnit4Provider.executeWithRerun(JUnit4Provider.java:240)
	at org.apache.maven.surefire.junit4.JUnit4Provider.executeTestSet(JUnit4Provider.java:214)
	at org.apache.maven.surefire.junit4.JUnit4Provider.invoke(JUnit4Provider.java:155)
	at org.apache.maven.surefire.booter.ForkedBooter.runSuitesInProcess(ForkedBooter.java:385)
	at org.apache.maven.surefire.booter.ForkedBooter.execute(ForkedBooter.java:162)
	at org.apache.maven.surefire.booter.ForkedBooter.run(ForkedBooter.java:507)
	at org.apache.maven.surefire.booter.ForkedBooter.main(ForkedBooter.java:495)
12:42:11.766 [main] INFO  org.eclipse.jetty.server.Server - Stopped Server@7928e5ce{STOPPING}[11.0.26,sto=1000]
12:42:11.766 [main] INFO  org.eclipse.jetty.server.Server - Shutdown Server@7928e5ce{STOPPING}[11.0.26,sto=1000]
12:42:11.767 [main] INFO  org.eclipse.jetty.server.AbstractConnector - Stopped NetworkTrafficServerConnector@249e3cb2{HTTP/1.1, (http/1.1, h2c)}{0.0.0.0:19089}
12:42:11.767 [main] INFO  org.eclipse.jetty.server.handler.ContextHandler - Stopped o.e.j.s.ServletContextHandler@5f850405{/,null,STOPPED}
12:42:11.767 [main] INFO  org.eclipse.jetty.server.handler.ContextHandler - Stopped o.e.j.s.ServletContextHandler@19c22d23{/__admin,null,STOPPED}
]]></system-out>
  </testcase>
</testsuite>